2023-07-22 19:53:25 com\zoho\api\logger\SDKLogger INFO Initialization successful for Email Id : tecnologia@gruponobe.com in Environment : https://www.zohoapis.com.
2023-07-22 19:53:26 com\zoho\api\logger\SDKLogger INFO GET - URL = https://www.zohoapis.com/crm/v2.1/settings/fields?module=Leads , headers = {"Authorization":" ## can't disclose ## ","X-ZOHO-SDK":"Windows NT\/10.0\/php-2.1\/8.1.10:7.1.0"} , PARAMS = {"module":"Leads"}.
2023-07-22 19:53:27 com\zoho\api\logger\SDKLogger INFO GET - URL = https://www.zohoapis.com/crm/v2.1/Leads?approved=both , headers = {"If-Modified-Since":"2020-06-02T05:33:06+00:00","Authorization":" ## can't disclose ## ","X-ZOHO-SDK":"Windows NT\/10.0\/php-2.1\/8.1.10:7.1.0"} , PARAMS = {"approved":"both"}.
2023-07-22 20:08:44 com\zoho\api\logger\SDKLogger INFO Initialization successful for Email Id : tecnologia@gruponobe.com in Environment : https://www.zohoapis.com.
2023-07-22 20:08:44 com\zoho\api\logger\SDKLogger INFO GET - URL = https://www.zohoapis.com/crm/v2.1/settings/fields?module=Cases , headers = {"Authorization":" ## can't disclose ## ","X-ZOHO-SDK":"Windows NT\/10.0\/php-2.1\/8.1.10:7.1.0"} , PARAMS = {"module":"Cases"}.
2023-07-22 20:08:45 com\zoho\api\logger\SDKLogger INFO GET - URL = https://www.zohoapis.com/crm/v2.1/settings/fields?module=Historial , headers = {"Authorization":" ## can't disclose ## ","X-ZOHO-SDK":"Windows NT\/10.0\/php-2.1\/8.1.10:7.1.0"} , PARAMS = {"module":"Historial"}.
2023-07-22 20:08:46 com\zoho\api\logger\SDKLogger INFO GET - URL = https://www.zohoapis.com/crm/v2.1/settings/fields?module=Contacts , headers = {"Authorization":" ## can't disclose ## ","X-ZOHO-SDK":"Windows NT\/10.0\/php-2.1\/8.1.10:7.1.0"} , PARAMS = {"module":"Contacts"}.
2023-07-22 20:08:46 com\zoho\api\logger\SDKLogger INFO GET - URL = https://www.zohoapis.com/crm/v2.1/settings/fields?module=Accounts , headers = {"Authorization":" ## can't disclose ## ","X-ZOHO-SDK":"Windows NT\/10.0\/php-2.1\/8.1.10:7.1.0"} , PARAMS = {"module":"Accounts"}.
2023-07-22 20:08:47 com\zoho\api\logger\SDKLogger INFO GET - URL = https://www.zohoapis.com/crm/v2.1/settings/fields?module=Vendors , headers = {"Authorization":" ## can't disclose ## ","X-ZOHO-SDK":"Windows NT\/10.0\/php-2.1\/8.1.10:7.1.0"} , PARAMS = {"module":"Vendors"}.
2023-07-22 20:08:48 com\zoho\api\logger\SDKLogger INFO GET - URL = https://www.zohoapis.com/crm/v2.1/settings/fields?module=Bienes , headers = {"Authorization":" ## can't disclose ## ","X-ZOHO-SDK":"Windows NT\/10.0\/php-2.1\/8.1.10:7.1.0"} , PARAMS = {"module":"Bienes"}.
2023-07-22 20:08:49 com\zoho\api\logger\SDKLogger INFO GET - URL = https://www.zohoapis.com/crm/v2.1/settings/fields?module=Deals , headers = {"Authorization":" ## can't disclose ## ","X-ZOHO-SDK":"Windows NT\/10.0\/php-2.1\/8.1.10:7.1.0"} , PARAMS = {"module":"Deals"}.
2023-07-22 20:08:49 com\zoho\api\logger\SDKLogger INFO GET - URL = https://www.zohoapis.com/crm/v2.1/settings/fields?module=Modelos , headers = {"Authorization":" ## can't disclose ## ","X-ZOHO-SDK":"Windows NT\/10.0\/php-2.1\/8.1.10:7.1.0"} , PARAMS = {"module":"Modelos"}.
2023-07-22 20:08:50 com\zoho\api\logger\SDKLogger INFO GET - URL = https://www.zohoapis.com/crm/v2.1/settings/fields?module=Marcas , headers = {"Authorization":" ## can't disclose ## ","X-ZOHO-SDK":"Windows NT\/10.0\/php-2.1\/8.1.10:7.1.0"} , PARAMS = {"module":"Marcas"}.
2023-07-22 20:08:50 com\zoho\api\logger\SDKLogger INFO GET - URL = https://www.zohoapis.com/crm/v2.1/settings/fields?module=Products , headers = {"Authorization":" ## can't disclose ## ","X-ZOHO-SDK":"Windows NT\/10.0\/php-2.1\/8.1.10:7.1.0"} , PARAMS = {"module":"Products"}.
2023-07-22 20:08:51 com\zoho\api\logger\SDKLogger INFO GET - URL = https://www.zohoapis.com/crm/v2.1/Cases?approved=both , headers = {"If-Modified-Since":"2023-07-22T20:08:44+00:00","Authorization":" ## can't disclose ## ","X-ZOHO-SDK":"Windows NT\/10.0\/php-2.1\/8.1.10:7.1.0"} , PARAMS = {"approved":"both"}.
2023-07-22 20:08:52 com\zoho\api\logger\SDKLogger SEVERE Error response :{"response":"HTTP\/1.1 304 \r\nServer: ZGS\r\nDate: Sat, 22 Jul 2023 20:08:48 GMT\r\nConnection: keep-alive\r\nSet-Cookie: 1ccad04dca=c1a9e28267607db55d48a8cb46fbdcd1; Path=\/\r\nReferrer-Policy: strict-origin\r\nX-Content-Type-Options: nosniff\r\nX-XSS-Protection: 1; mode=block\r\nSet-Cookie: crmcsr=8470027d-4066-4027-a152-490d80f783fb;path=\/;Secure;priority=high\r\nSet-Cookie: _zcsr_tmp=8470027d-4066-4027-a152-490d80f783fb;path=\/;SameSite=Strict;Secure;priority=high\r\nCache-Control: no-store, no-cache, must-revalidate, private\r\nPragma: no-cache\r\nExpires: Thu, 01 Jan 1970 00:00:00 GMT\r\nX-Frame-Options: SAMEORIGIN\r\nSet-Cookie: group_name=usergroup1;Path=\/\r\nX-ACCESSTOKEN-RESET: 2023-07-22T16:53:22-04:00\r\nclientVersion: 6757605\r\nclientsubVersion: 36a8c60a9d3fb87dcc36b04013c7f240\r\nSet-Cookie: JSESSIONID=AB4AB7F469C3964D7FF3CF7D9DA3CC5D; Path=\/; Secure\r\nContent-Disposition: attachment; filename=response.json\r\nX-Download-Options: noopen\r\nStrict-Transport-Security: max-age=63072000\r\n\r\n","http_code":304,"headers":{"http\/1.1 304 ":"HTTP\/1.1 304 ","server":"ZGS","date":"Sat, 22 Jul 2023 20:08:48 GMT","connection":"keep-alive","set-cookie":"JSESSIONID=AB4AB7F469C3964D7FF3CF7D9DA3CC5D; Path=\/; Secure","referrer-policy":"strict-origin","x-content-type-options":"nosniff","x-xss-protection":"1; mode=block","cache-control":"no-store, no-cache, must-revalidate, private","pragma":"no-cache","expires":"Thu, 01 Jan 1970 00:00:00 GMT","x-frame-options":"SAMEORIGIN","x-accesstoken-reset":"2023-07-22T16:53:22-04:00","clientversion":"6757605","clientsubversion":"36a8c60a9d3fb87dcc36b04013c7f240","content-disposition":"attachment; filename=response.json","x-download-options":"noopen","strict-transport-security":"max-age=63072000"}}
2023-07-22 20:08:59 com\zoho\api\logger\SDKLogger INFO Initialization successful for Email Id : tecnologia@gruponobe.com in Environment : https://www.zohoapis.com.
2023-07-22 20:08:59 com\zoho\api\logger\SDKLogger INFO GET - URL = https://www.zohoapis.com/crm/v2.1/Cases?approved=both , headers = {"If-Modified-Since":"2023-07-22T20:08:59+00:00","Authorization":" ## can't disclose ## ","X-ZOHO-SDK":"Windows NT\/10.0\/php-2.1\/8.1.10:7.1.0"} , PARAMS = {"approved":"both"}.
2023-07-22 20:09:00 com\zoho\api\logger\SDKLogger SEVERE Error response :{"response":"HTTP\/1.1 304 \r\nServer: ZGS\r\nDate: Sat, 22 Jul 2023 20:08:56 GMT\r\nConnection: keep-alive\r\nSet-Cookie: 1ccad04dca=e2b9657ed7ca2a2a8bab7348eb621ffb; Path=\/\r\nReferrer-Policy: strict-origin\r\nX-Content-Type-Options: nosniff\r\nX-XSS-Protection: 1; mode=block\r\nSet-Cookie: crmcsr=e3fbeb40-78f0-4bc1-bb7b-644f10c1cba2;path=\/;Secure;priority=high\r\nSet-Cookie: _zcsr_tmp=e3fbeb40-78f0-4bc1-bb7b-644f10c1cba2;path=\/;SameSite=Strict;Secure;priority=high\r\nCache-Control: no-store, no-cache, must-revalidate, private\r\nPragma: no-cache\r\nExpires: Thu, 01 Jan 1970 00:00:00 GMT\r\nX-Frame-Options: SAMEORIGIN\r\nSet-Cookie: group_name=usergroup1;Path=\/\r\nX-ACCESSTOKEN-RESET: 2023-07-22T16:53:22-04:00\r\nclientVersion: 6757605\r\nclientsubVersion: 36a8c60a9d3fb87dcc36b04013c7f240\r\nSet-Cookie: JSESSIONID=5328131D0FB624963AB6E8DBC5C0936D; Path=\/; Secure\r\nContent-Disposition: attachment; filename=response.json\r\nX-Download-Options: noopen\r\nStrict-Transport-Security: max-age=63072000\r\n\r\n","http_code":304,"headers":{"http\/1.1 304 ":"HTTP\/1.1 304 ","server":"ZGS","date":"Sat, 22 Jul 2023 20:08:56 GMT","connection":"keep-alive","set-cookie":"JSESSIONID=5328131D0FB624963AB6E8DBC5C0936D; Path=\/; Secure","referrer-policy":"strict-origin","x-content-type-options":"nosniff","x-xss-protection":"1; mode=block","cache-control":"no-store, no-cache, must-revalidate, private","pragma":"no-cache","expires":"Thu, 01 Jan 1970 00:00:00 GMT","x-frame-options":"SAMEORIGIN","x-accesstoken-reset":"2023-07-22T16:53:22-04:00","clientversion":"6757605","clientsubversion":"36a8c60a9d3fb87dcc36b04013c7f240","content-disposition":"attachment; filename=response.json","x-download-options":"noopen","strict-transport-security":"max-age=63072000"}}
2023-07-22 20:09:21 com\zoho\api\logger\SDKLogger INFO Initialization successful for Email Id : tecnologia@gruponobe.com in Environment : https://www.zohoapis.com.
2023-07-22 20:09:21 com\zoho\api\logger\SDKLogger INFO GET - URL = https://www.zohoapis.com/crm/v2.1/Cases?approved=both , headers = {"If-Modified-Since":"2020-06-02T05:33:06+00:00","Authorization":" ## can't disclose ## ","X-ZOHO-SDK":"Windows NT\/10.0\/php-2.1\/8.1.10:7.1.0"} , PARAMS = {"approved":"both"}.
2023-07-22 20:09:59 com\zoho\api\logger\SDKLogger INFO Initialization successful for Email Id : tecnologia@gruponobe.com in Environment : https://www.zohoapis.com.
2023-07-22 20:09:59 com\zoho\api\logger\SDKLogger INFO GET - URL = https://www.zohoapis.com/crm/v2.1/Leads?approved=both , headers = {"If-Modified-Since":"2020-06-02T05:33:06+00:00","Authorization":" ## can't disclose ## ","X-ZOHO-SDK":"Windows NT\/10.0\/php-2.1\/8.1.10:7.1.0"} , PARAMS = {"approved":"both"}.
2023-07-22 20:14:01 com\zoho\api\logger\SDKLogger INFO Initialization successful for Email Id : tecnologia@gruponobe.com in Environment : https://www.zohoapis.com.
2023-07-22 20:14:01 com\zoho\api\logger\SDKLogger INFO GET - URL = https://www.zohoapis.com/crm/v2.1/Leads?approved=both , headers = {"If-Modified-Since":"2020-06-02T05:33:06+00:00","Authorization":" ## can't disclose ## ","X-ZOHO-SDK":"Windows NT\/10.0\/php-2.1\/8.1.10:7.1.0"} , PARAMS = {"approved":"both"}.
2023-07-22 20:17:56 com\zoho\api\logger\SDKLogger INFO Initialization successful for Email Id : tecnologia@gruponobe.com in Environment : https://www.zohoapis.com.
2023-07-22 20:17:56 com\zoho\api\logger\SDKLogger INFO GET - URL = https://www.zohoapis.com/crm/v2.1/Leads?approved=true&converted=1234&cvid=34770610089005&ids=TestExternalLead111%2C34770614352001&uid=34770615181008&fields=id%2Cid&sort_by=Email&sort_order=desc&page=1&per_page=3&startDateTime=2020-06-27T09%3A40%3A00%2B00%3A00&endDateTime=2020-06-29T09%3A40%3A00%2B00%3A00&territory_id=34770613051357&include_child=true , headers = {"If-Modified-Since":"2021-02-26T09:58:34+00:00","Authorization":" ## can't disclose ## ","X-ZOHO-SDK":"Windows NT\/10.0\/php-2.1\/8.1.10:7.1.0"} , PARAMS = {"approved":"true","converted":"1234","cvid":"34770610089005","ids":"TestExternalLead111,34770614352001","uid":"34770615181008","fields":"id,id","sort_by":"Email","sort_order":"desc","page":1,"per_page":3,"startDateTime":"2020-06-27T09:40:00+00:00","endDateTime":"2020-06-29T09:40:00+00:00","territory_id":"34770613051357","include_child":"true"}.
2023-07-22 20:22:37 com\zoho\api\logger\SDKLogger INFO Initialization successful for Email Id : tecnologia@gruponobe.com in Environment : https://www.zohoapis.com.
2023-07-22 20:22:37 com\zoho\api\logger\SDKLogger INFO GET - URL = https://www.zohoapis.com/crm/v2.1/Leads?approved=both , headers = {"If-Modified-Since":"2020-06-02T05:33:06+00:00","Authorization":" ## can't disclose ## ","X-ZOHO-SDK":"Windows NT\/10.0\/php-2.1\/8.1.10:7.1.0"} , PARAMS = {"approved":"both"}.
2023-07-22 20:30:26 com\zoho\api\logger\SDKLogger INFO Initialization successful for Email Id : tecnologia@gruponobe.com in Environment : https://www.zohoapis.com.
2023-07-22 20:30:26 com\zoho\api\logger\SDKLogger INFO GET - URL = https://www.zohoapis.com/crm/v2.1/Leads?approved=both , headers = {"If-Modified-Since":"2023-07-22T20:30:26+00:00","Authorization":" ## can't disclose ## ","X-ZOHO-SDK":"Windows NT\/10.0\/php-2.1\/8.1.10:7.1.0"} , PARAMS = {"approved":"both"}.
2023-07-22 20:30:27 com\zoho\api\logger\SDKLogger SEVERE Error response :{"response":"HTTP\/1.1 304 \r\nServer: ZGS\r\nDate: Sat, 22 Jul 2023 20:30:23 GMT\r\nConnection: keep-alive\r\nSet-Cookie: 1ccad04dca=ac2c79d538938da07c169c4202fd521e; Path=\/\r\nReferrer-Policy: strict-origin\r\nX-Content-Type-Options: nosniff\r\nX-XSS-Protection: 1; mode=block\r\nSet-Cookie: crmcsr=c0679e5b-74c5-478d-bca3-f3d5a7da4986;path=\/;Secure;priority=high\r\nSet-Cookie: _zcsr_tmp=c0679e5b-74c5-478d-bca3-f3d5a7da4986;path=\/;SameSite=Strict;Secure;priority=high\r\nCache-Control: no-store, no-cache, must-revalidate, private\r\nPragma: no-cache\r\nExpires: Thu, 01 Jan 1970 00:00:00 GMT\r\nX-Frame-Options: SAMEORIGIN\r\nSet-Cookie: group_name=usergroup1;Path=\/\r\nX-ACCESSTOKEN-RESET: 2023-07-22T16:53:22-04:00\r\nclientVersion: 6757605\r\nclientsubVersion: 36a8c60a9d3fb87dcc36b04013c7f240\r\nSet-Cookie: JSESSIONID=F78263D9784521F5BDB1D66935C90186; Path=\/; Secure\r\nContent-Disposition: attachment; filename=response.json\r\nX-Download-Options: noopen\r\nStrict-Transport-Security: max-age=63072000\r\n\r\n","http_code":304,"headers":{"http\/1.1 304 ":"HTTP\/1.1 304 ","server":"ZGS","date":"Sat, 22 Jul 2023 20:30:23 GMT","connection":"keep-alive","set-cookie":"JSESSIONID=F78263D9784521F5BDB1D66935C90186; Path=\/; Secure","referrer-policy":"strict-origin","x-content-type-options":"nosniff","x-xss-protection":"1; mode=block","cache-control":"no-store, no-cache, must-revalidate, private","pragma":"no-cache","expires":"Thu, 01 Jan 1970 00:00:00 GMT","x-frame-options":"SAMEORIGIN","x-accesstoken-reset":"2023-07-22T16:53:22-04:00","clientversion":"6757605","clientsubversion":"36a8c60a9d3fb87dcc36b04013c7f240","content-disposition":"attachment; filename=response.json","x-download-options":"noopen","strict-transport-security":"max-age=63072000"}}
2023-07-22 20:30:47 com\zoho\api\logger\SDKLogger INFO Initialization successful for Email Id : tecnologia@gruponobe.com in Environment : https://www.zohoapis.com.
2023-07-22 20:30:47 com\zoho\api\logger\SDKLogger INFO GET - URL = https://www.zohoapis.com/crm/v2.1/Leads?approved=both , headers = {"Authorization":" ## can't disclose ## ","X-ZOHO-SDK":"Windows NT\/10.0\/php-2.1\/8.1.10:7.1.0"} , PARAMS = {"approved":"both"}.
2023-07-22 20:34:26 com\zoho\api\logger\SDKLogger INFO Initialization successful for Email Id : tecnologia@gruponobe.com in Environment : https://www.zohoapis.com.
2023-07-22 20:34:26 com\zoho\api\logger\SDKLogger INFO GET - URL = https://www.zohoapis.com/crm/v2.1/settings/fields?module=Leadss , headers = {"Authorization":" ## can't disclose ## ","X-ZOHO-SDK":"Windows NT\/10.0\/php-2.1\/8.1.10:7.1.0"} , PARAMS = {"module":"Leadss"}.
2023-07-22 20:34:27 com\zoho\api\logger\SDKLogger SEVERE Exception :  com\zoho\crm\api\exception\SDKException Caused by : API_EXCEPTION - {"code":"INVALID_MODULE","status":"error","message":"the module name given seems to be invalid"}
C:\Dev\gnb_crm_api\vendor\zohocrm\php-sdk-2.1\src\com\zoho\crm\api\util\Utility.php- 655- 
#0 C:\Dev\gnb_crm_api\vendor\zohocrm\php-sdk-2.1\src\com\zoho\crm\api\util\Utility.php(96): com\zoho\crm\api\util\Utility::getFieldDetails('Leadss')
#1 C:\Dev\gnb_crm_api\vendor\zohocrm\php-sdk-2.1\src\com\zoho\crm\api\util\Utility.php(213): com\zoho\crm\api\util\Utility::fileExistsFlow('Leadss', 'C:\\Dev\\gnb_crm_...', NULL)
#2 C:\Dev\gnb_crm_api\vendor\zohocrm\php-sdk-2.1\src\com\zoho\crm\api\util\Utility.php(170): com\zoho\crm\api\util\Utility::getFieldsInfo('Leadss', Object(com\zoho\crm\api\util\CommonAPIHandler))
#3 C:\Dev\gnb_crm_api\vendor\zohocrm\php-sdk-2.1\src\com\zoho\crm\api\record\RecordOperations.php(117): com\zoho\crm\api\util\Utility::getFields('Leadss', Object(com\zoho\crm\api\util\CommonAPIHandler))
#4 C:\Dev\gnb_crm_api\app\Zoho\Record.php(58): com\zoho\crm\api\record\RecordOperations->getRecords('Leadss', Object(com\zoho\crm\api\ParameterMap), Object(com\zoho\crm\api\HeaderMap))
#5 C:\Dev\gnb_crm_api\app\Http\Controllers\CaseController.php(15): App\Zoho\Record::getRecords()
#6 C:\Dev\gnb_crm_api\vendor\laravel\framework\src\Illuminate\Routing\Controller.php(54): App\Http\Controllers\CaseController->index(Object(Illuminate\Http\Request))
#7 C:\Dev\gnb_crm_api\vendor\laravel\framework\src\Illuminate\Routing\ControllerDispatcher.php(43): Illuminate\Routing\Controller->callAction('index', Array)
#8 C:\Dev\gnb_crm_api\vendor\laravel\framework\src\Illuminate\Routing\Route.php(260): Illuminate\Routing\ControllerDispatcher->dispatch(Object(Illuminate\Routing\Route), Object(App\Http\Controllers\CaseController), 'index')
#9 C:\Dev\gnb_crm_api\vendor\laravel\framework\src\Illuminate\Routing\Route.php(205): Illuminate\Routing\Route->runController()
#10 C:\Dev\gnb_crm_api\vendor\laravel\framework\src\Illuminate\Routing\Router.php(799): Illuminate\Routing\Route->run()
#11 C:\Dev\gnb_crm_api\vendor\laravel\framework\src\Illuminate\Pipeline\Pipeline.php(141): Illuminate\Routing\Router->Illuminate\Routing\{closure}(Object(Illuminate\Http\Request))
#12 C:\Dev\gnb_crm_api\app\Http\Middleware\ZohoUserFilter.php(22): Illuminate\Pipeline\Pipeline->Illuminate\Pipeline\{closure}(Object(Illuminate\Http\Request))
#13 C:\Dev\gnb_crm_api\vendor\laravel\framework\src\Illuminate\Pipeline\Pipeline.php(180): App\Http\Middleware\ZohoUserFilter->handle(Object(Illuminate\Http\Request), Object(Closure))
#14 C:\Dev\gnb_crm_api\vendor\laravel\framework\src\Illuminate\Routing\Middleware\SubstituteBindings.php(50): Illuminate\Pipeline\Pipeline->Illuminate\Pipeline\{closure}(Object(Illuminate\Http\Request))
#15 C:\Dev\gnb_crm_api\vendor\laravel\framework\src\Illuminate\Pipeline\Pipeline.php(180): Illuminate\Routing\Middleware\SubstituteBindings->handle(Object(Illuminate\Http\Request), Object(Closure))
#16 C:\Dev\gnb_crm_api\vendor\laravel\framework\src\Illuminate\Routing\Middleware\ThrottleRequests.php(159): Illuminate\Pipeline\Pipeline->Illuminate\Pipeline\{closure}(Object(Illuminate\Http\Request))
#17 C:\Dev\gnb_crm_api\vendor\laravel\framework\src\Illuminate\Routing\Middleware\ThrottleRequests.php(135): Illuminate\Routing\Middleware\ThrottleRequests->handleRequest(Object(Illuminate\Http\Request), Object(Closure), Array)
#18 C:\Dev\gnb_crm_api\vendor\laravel\framework\src\Illuminate\Routing\Middleware\ThrottleRequests.php(87): Illuminate\Routing\Middleware\ThrottleRequests->handleRequestUsingNamedLimiter(Object(Illuminate\Http\Request), Object(Closure), 'api', Object(Closure))
#19 C:\Dev\gnb_crm_api\vendor\laravel\framework\src\Illuminate\Pipeline\Pipeline.php(180): Illuminate\Routing\Middleware\ThrottleRequests->handle(Object(Illuminate\Http\Request), Object(Closure), 'api')
#20 C:\Dev\gnb_crm_api\vendor\laravel\framework\src\Illuminate\Auth\Middleware\Authenticate.php(57): Illuminate\Pipeline\Pipeline->Illuminate\Pipeline\{closure}(Object(Illuminate\Http\Request))
#21 C:\Dev\gnb_crm_api\vendor\laravel\framework\src\Illuminate\Pipeline\Pipeline.php(180): Illuminate\Auth\Middleware\Authenticate->handle(Object(Illuminate\Http\Request), Object(Closure), 'sanctum')
#22 C:\Dev\gnb_crm_api\vendor\laravel\sanctum\src\Http\Middleware\EnsureFrontendRequestsAreStateful.php(25): Illuminate\Pipeline\Pipeline->Illuminate\Pipeline\{closure}(Object(Illuminate\Http\Request))
#23 C:\Dev\gnb_crm_api\vendor\laravel\framework\src\Illuminate\Pipeline\Pipeline.php(141): Laravel\Sanctum\Http\Middleware\EnsureFrontendRequestsAreStateful->Laravel\Sanctum\Http\Middleware\{closure}(Object(Illuminate\Http\Request))
#24 C:\Dev\gnb_crm_api\vendor\laravel\framework\src\Illuminate\Pipeline\Pipeline.php(116): Illuminate\Pipeline\Pipeline->Illuminate\Pipeline\{closure}(Object(Illuminate\Http\Request))
#25 C:\Dev\gnb_crm_api\vendor\laravel\sanctum\src\Http\Middleware\EnsureFrontendRequestsAreStateful.php(26): Illuminate\Pipeline\Pipeline->then(Object(Closure))
#26 C:\Dev\gnb_crm_api\vendor\laravel\framework\src\Illuminate\Pipeline\Pipeline.php(180): Laravel\Sanctum\Http\Middleware\EnsureFrontendRequestsAreStateful->handle(Object(Illuminate\Http\Request), Object(Closure))
#27 C:\Dev\gnb_crm_api\vendor\laravel\framework\src\Illuminate\Pipeline\Pipeline.php(116): Illuminate\Pipeline\Pipeline->Illuminate\Pipeline\{closure}(Object(Illuminate\Http\Request))
#28 C:\Dev\gnb_crm_api\vendor\laravel\framework\src\Illuminate\Routing\Router.php(800): Illuminate\Pipeline\Pipeline->then(Object(Closure))
#29 C:\Dev\gnb_crm_api\vendor\laravel\framework\src\Illuminate\Routing\Router.php(777): Illuminate\Routing\Router->runRouteWithinStack(Object(Illuminate\Routing\Route), Object(Illuminate\Http\Request))
#30 C:\Dev\gnb_crm_api\vendor\laravel\framework\src\Illuminate\Routing\Router.php(741): Illuminate\Routing\Router->runRoute(Object(Illuminate\Http\Request), Object(Illuminate\Routing\Route))
#31 C:\Dev\gnb_crm_api\vendor\laravel\framework\src\Illuminate\Routing\Router.php(730): Illuminate\Routing\Router->dispatchToRoute(Object(Illuminate\Http\Request))
#32 C:\Dev\gnb_crm_api\vendor\laravel\framework\src\Illuminate\Foundation\Http\Kernel.php(200): Illuminate\Routing\Router->dispatch(Object(Illuminate\Http\Request))
#33 C:\Dev\gnb_crm_api\vendor\laravel\framework\src\Illuminate\Pipeline\Pipeline.php(141): Illuminate\Foundation\Http\Kernel->Illuminate\Foundation\Http\{closure}(Object(Illuminate\Http\Request))
#34 C:\Dev\gnb_crm_api\vendor\laravel\framework\src\Illuminate\Foundation\Http\Middleware\TransformsRequest.php(21): Illuminate\Pipeline\Pipeline->Illuminate\Pipeline\{closure}(Object(Illuminate\Http\Request))
#35 C:\Dev\gnb_crm_api\vendor\laravel\framework\src\Illuminate\Foundation\Http\Middleware\ConvertEmptyStringsToNull.php(31): Illuminate\Foundation\Http\Middleware\TransformsRequest->handle(Object(Illuminate\Http\Request), Object(Closure))
#36 C:\Dev\gnb_crm_api\vendor\laravel\framework\src\Illuminate\Pipeline\Pipeline.php(180): Illuminate\Foundation\Http\Middleware\ConvertEmptyStringsToNull->handle(Object(Illuminate\Http\Request), Object(Closure))
#37 C:\Dev\gnb_crm_api\vendor\laravel\framework\src\Illuminate\Foundation\Http\Middleware\TransformsRequest.php(21): Illuminate\Pipeline\Pipeline->Illuminate\Pipeline\{closure}(Object(Illuminate\Http\Request))
#38 C:\Dev\gnb_crm_api\vendor\laravel\framework\src\Illuminate\Foundation\Http\Middleware\TrimStrings.php(40): Illuminate\Foundation\Http\Middleware\TransformsRequest->handle(Object(Illuminate\Http\Request), Object(Closure))
#39 C:\Dev\gnb_crm_api\vendor\laravel\framework\src\Illuminate\Pipeline\Pipeline.php(180): Illuminate\Foundation\Http\Middleware\TrimStrings->handle(Object(Illuminate\Http\Request), Object(Closure))
#40 C:\Dev\gnb_crm_api\vendor\laravel\framework\src\Illuminate\Foundation\Http\Middleware\ValidatePostSize.php(27): Illuminate\Pipeline\Pipeline->Illuminate\Pipeline\{closure}(Object(Illuminate\Http\Request))
#41 C:\Dev\gnb_crm_api\vendor\laravel\framework\src\Illuminate\Pipeline\Pipeline.php(180): Illuminate\Foundation\Http\Middleware\ValidatePostSize->handle(Object(Illuminate\Http\Request), Object(Closure))
#42 C:\Dev\gnb_crm_api\vendor\laravel\framework\src\Illuminate\Foundation\Http\Middleware\PreventRequestsDuringMaintenance.php(86): Illuminate\Pipeline\Pipeline->Illuminate\Pipeline\{closure}(Object(Illuminate\Http\Request))
#43 C:\Dev\gnb_crm_api\vendor\laravel\framework\src\Illuminate\Pipeline\Pipeline.php(180): Illuminate\Foundation\Http\Middleware\PreventRequestsDuringMaintenance->handle(Object(Illuminate\Http\Request), Object(Closure))
#44 C:\Dev\gnb_crm_api\vendor\laravel\framework\src\Illuminate\Http\Middleware\HandleCors.php(62): Illuminate\Pipeline\Pipeline->Illuminate\Pipeline\{closure}(Object(Illuminate\Http\Request))
#45 C:\Dev\gnb_crm_api\vendor\laravel\framework\src\Illuminate\Pipeline\Pipeline.php(180): Illuminate\Http\Middleware\HandleCors->handle(Object(Illuminate\Http\Request), Object(Closure))
#46 C:\Dev\gnb_crm_api\vendor\laravel\framework\src\Illuminate\Http\Middleware\TrustProxies.php(39): Illuminate\Pipeline\Pipeline->Illuminate\Pipeline\{closure}(Object(Illuminate\Http\Request))
#47 C:\Dev\gnb_crm_api\vendor\laravel\framework\src\Illuminate\Pipeline\Pipeline.php(180): Illuminate\Http\Middleware\TrustProxies->handle(Object(Illuminate\Http\Request), Object(Closure))
#48 C:\Dev\gnb_crm_api\vendor\laravel\framework\src\Illuminate\Pipeline\Pipeline.php(116): Illuminate\Pipeline\Pipeline->Illuminate\Pipeline\{closure}(Object(Illuminate\Http\Request))
#49 C:\Dev\gnb_crm_api\vendor\laravel\framework\src\Illuminate\Foundation\Http\Kernel.php(175): Illuminate\Pipeline\Pipeline->then(Object(Closure))
#50 C:\Dev\gnb_crm_api\vendor\laravel\framework\src\Illuminate\Foundation\Http\Kernel.php(144): Illuminate\Foundation\Http\Kernel->sendRequestThroughRouter(Object(Illuminate\Http\Request))
#51 C:\Dev\gnb_crm_api\public\index.php(52): Illuminate\Foundation\Http\Kernel->handle(Object(Illuminate\Http\Request))
#52 C:\Dev\gnb_crm_api\vendor\laravel\framework\src\Illuminate\Foundation\resources\server.php(16): require_once('C:\\Dev\\gnb_crm_...')
#53 {main}
2023-07-22 20:36:24 com\zoho\api\logger\SDKLogger INFO Initialization successful for Email Id : tecnologia@gruponobe.com in Environment : https://www.zohoapis.com.
2023-07-22 20:36:24 com\zoho\api\logger\SDKLogger INFO GET - URL = https://www.zohoapis.com/crm/v2.1/settings/fields?module=Leadss , headers = {"Authorization":" ## can't disclose ## ","X-ZOHO-SDK":"Windows NT\/10.0\/php-2.1\/8.1.10:7.1.0"} , PARAMS = {"module":"Leadss"}.
2023-07-22 20:36:24 com\zoho\api\logger\SDKLogger SEVERE Exception :  com\zoho\crm\api\exception\SDKException Caused by : API_EXCEPTION - {"code":"INVALID_MODULE","status":"error","message":"the module name given seems to be invalid"}
C:\Dev\gnb_crm_api\vendor\zohocrm\php-sdk-2.1\src\com\zoho\crm\api\util\Utility.php- 655- 
#0 C:\Dev\gnb_crm_api\vendor\zohocrm\php-sdk-2.1\src\com\zoho\crm\api\util\Utility.php(96): com\zoho\crm\api\util\Utility::getFieldDetails('Leadss')
#1 C:\Dev\gnb_crm_api\vendor\zohocrm\php-sdk-2.1\src\com\zoho\crm\api\util\Utility.php(213): com\zoho\crm\api\util\Utility::fileExistsFlow('Leadss', 'C:\\Dev\\gnb_crm_...', NULL)
#2 C:\Dev\gnb_crm_api\vendor\zohocrm\php-sdk-2.1\src\com\zoho\crm\api\util\Utility.php(170): com\zoho\crm\api\util\Utility::getFieldsInfo('Leadss', Object(com\zoho\crm\api\util\CommonAPIHandler))
#3 C:\Dev\gnb_crm_api\vendor\zohocrm\php-sdk-2.1\src\com\zoho\crm\api\record\RecordOperations.php(117): com\zoho\crm\api\util\Utility::getFields('Leadss', Object(com\zoho\crm\api\util\CommonAPIHandler))
#4 C:\Dev\gnb_crm_api\app\Zoho\Record.php(58): com\zoho\crm\api\record\RecordOperations->getRecords('Leadss', Object(com\zoho\crm\api\ParameterMap), Object(com\zoho\crm\api\HeaderMap))
#5 C:\Dev\gnb_crm_api\app\Http\Controllers\CaseController.php(15): App\Zoho\Record::getRecords()
#6 C:\Dev\gnb_crm_api\vendor\laravel\framework\src\Illuminate\Routing\Controller.php(54): App\Http\Controllers\CaseController->index(Object(Illuminate\Http\Request))
#7 C:\Dev\gnb_crm_api\vendor\laravel\framework\src\Illuminate\Routing\ControllerDispatcher.php(43): Illuminate\Routing\Controller->callAction('index', Array)
#8 C:\Dev\gnb_crm_api\vendor\laravel\framework\src\Illuminate\Routing\Route.php(260): Illuminate\Routing\ControllerDispatcher->dispatch(Object(Illuminate\Routing\Route), Object(App\Http\Controllers\CaseController), 'index')
#9 C:\Dev\gnb_crm_api\vendor\laravel\framework\src\Illuminate\Routing\Route.php(205): Illuminate\Routing\Route->runController()
#10 C:\Dev\gnb_crm_api\vendor\laravel\framework\src\Illuminate\Routing\Router.php(799): Illuminate\Routing\Route->run()
#11 C:\Dev\gnb_crm_api\vendor\laravel\framework\src\Illuminate\Pipeline\Pipeline.php(141): Illuminate\Routing\Router->Illuminate\Routing\{closure}(Object(Illuminate\Http\Request))
#12 C:\Dev\gnb_crm_api\app\Http\Middleware\ZohoUserFilter.php(22): Illuminate\Pipeline\Pipeline->Illuminate\Pipeline\{closure}(Object(Illuminate\Http\Request))
#13 C:\Dev\gnb_crm_api\vendor\laravel\framework\src\Illuminate\Pipeline\Pipeline.php(180): App\Http\Middleware\ZohoUserFilter->handle(Object(Illuminate\Http\Request), Object(Closure))
#14 C:\Dev\gnb_crm_api\vendor\laravel\framework\src\Illuminate\Routing\Middleware\SubstituteBindings.php(50): Illuminate\Pipeline\Pipeline->Illuminate\Pipeline\{closure}(Object(Illuminate\Http\Request))
#15 C:\Dev\gnb_crm_api\vendor\laravel\framework\src\Illuminate\Pipeline\Pipeline.php(180): Illuminate\Routing\Middleware\SubstituteBindings->handle(Object(Illuminate\Http\Request), Object(Closure))
#16 C:\Dev\gnb_crm_api\vendor\laravel\framework\src\Illuminate\Routing\Middleware\ThrottleRequests.php(159): Illuminate\Pipeline\Pipeline->Illuminate\Pipeline\{closure}(Object(Illuminate\Http\Request))
#17 C:\Dev\gnb_crm_api\vendor\laravel\framework\src\Illuminate\Routing\Middleware\ThrottleRequests.php(135): Illuminate\Routing\Middleware\ThrottleRequests->handleRequest(Object(Illuminate\Http\Request), Object(Closure), Array)
#18 C:\Dev\gnb_crm_api\vendor\laravel\framework\src\Illuminate\Routing\Middleware\ThrottleRequests.php(87): Illuminate\Routing\Middleware\ThrottleRequests->handleRequestUsingNamedLimiter(Object(Illuminate\Http\Request), Object(Closure), 'api', Object(Closure))
#19 C:\Dev\gnb_crm_api\vendor\laravel\framework\src\Illuminate\Pipeline\Pipeline.php(180): Illuminate\Routing\Middleware\ThrottleRequests->handle(Object(Illuminate\Http\Request), Object(Closure), 'api')
#20 C:\Dev\gnb_crm_api\vendor\laravel\framework\src\Illuminate\Auth\Middleware\Authenticate.php(57): Illuminate\Pipeline\Pipeline->Illuminate\Pipeline\{closure}(Object(Illuminate\Http\Request))
#21 C:\Dev\gnb_crm_api\vendor\laravel\framework\src\Illuminate\Pipeline\Pipeline.php(180): Illuminate\Auth\Middleware\Authenticate->handle(Object(Illuminate\Http\Request), Object(Closure), 'sanctum')
#22 C:\Dev\gnb_crm_api\vendor\laravel\sanctum\src\Http\Middleware\EnsureFrontendRequestsAreStateful.php(25): Illuminate\Pipeline\Pipeline->Illuminate\Pipeline\{closure}(Object(Illuminate\Http\Request))
#23 C:\Dev\gnb_crm_api\vendor\laravel\framework\src\Illuminate\Pipeline\Pipeline.php(141): Laravel\Sanctum\Http\Middleware\EnsureFrontendRequestsAreStateful->Laravel\Sanctum\Http\Middleware\{closure}(Object(Illuminate\Http\Request))
#24 C:\Dev\gnb_crm_api\vendor\laravel\framework\src\Illuminate\Pipeline\Pipeline.php(116): Illuminate\Pipeline\Pipeline->Illuminate\Pipeline\{closure}(Object(Illuminate\Http\Request))
#25 C:\Dev\gnb_crm_api\vendor\laravel\sanctum\src\Http\Middleware\EnsureFrontendRequestsAreStateful.php(26): Illuminate\Pipeline\Pipeline->then(Object(Closure))
#26 C:\Dev\gnb_crm_api\vendor\laravel\framework\src\Illuminate\Pipeline\Pipeline.php(180): Laravel\Sanctum\Http\Middleware\EnsureFrontendRequestsAreStateful->handle(Object(Illuminate\Http\Request), Object(Closure))
#27 C:\Dev\gnb_crm_api\vendor\laravel\framework\src\Illuminate\Pipeline\Pipeline.php(116): Illuminate\Pipeline\Pipeline->Illuminate\Pipeline\{closure}(Object(Illuminate\Http\Request))
#28 C:\Dev\gnb_crm_api\vendor\laravel\framework\src\Illuminate\Routing\Router.php(800): Illuminate\Pipeline\Pipeline->then(Object(Closure))
#29 C:\Dev\gnb_crm_api\vendor\laravel\framework\src\Illuminate\Routing\Router.php(777): Illuminate\Routing\Router->runRouteWithinStack(Object(Illuminate\Routing\Route), Object(Illuminate\Http\Request))
#30 C:\Dev\gnb_crm_api\vendor\laravel\framework\src\Illuminate\Routing\Router.php(741): Illuminate\Routing\Router->runRoute(Object(Illuminate\Http\Request), Object(Illuminate\Routing\Route))
#31 C:\Dev\gnb_crm_api\vendor\laravel\framework\src\Illuminate\Routing\Router.php(730): Illuminate\Routing\Router->dispatchToRoute(Object(Illuminate\Http\Request))
#32 C:\Dev\gnb_crm_api\vendor\laravel\framework\src\Illuminate\Foundation\Http\Kernel.php(200): Illuminate\Routing\Router->dispatch(Object(Illuminate\Http\Request))
#33 C:\Dev\gnb_crm_api\vendor\laravel\framework\src\Illuminate\Pipeline\Pipeline.php(141): Illuminate\Foundation\Http\Kernel->Illuminate\Foundation\Http\{closure}(Object(Illuminate\Http\Request))
#34 C:\Dev\gnb_crm_api\vendor\laravel\framework\src\Illuminate\Foundation\Http\Middleware\TransformsRequest.php(21): Illuminate\Pipeline\Pipeline->Illuminate\Pipeline\{closure}(Object(Illuminate\Http\Request))
#35 C:\Dev\gnb_crm_api\vendor\laravel\framework\src\Illuminate\Foundation\Http\Middleware\ConvertEmptyStringsToNull.php(31): Illuminate\Foundation\Http\Middleware\TransformsRequest->handle(Object(Illuminate\Http\Request), Object(Closure))
#36 C:\Dev\gnb_crm_api\vendor\laravel\framework\src\Illuminate\Pipeline\Pipeline.php(180): Illuminate\Foundation\Http\Middleware\ConvertEmptyStringsToNull->handle(Object(Illuminate\Http\Request), Object(Closure))
#37 C:\Dev\gnb_crm_api\vendor\laravel\framework\src\Illuminate\Foundation\Http\Middleware\TransformsRequest.php(21): Illuminate\Pipeline\Pipeline->Illuminate\Pipeline\{closure}(Object(Illuminate\Http\Request))
#38 C:\Dev\gnb_crm_api\vendor\laravel\framework\src\Illuminate\Foundation\Http\Middleware\TrimStrings.php(40): Illuminate\Foundation\Http\Middleware\TransformsRequest->handle(Object(Illuminate\Http\Request), Object(Closure))
#39 C:\Dev\gnb_crm_api\vendor\laravel\framework\src\Illuminate\Pipeline\Pipeline.php(180): Illuminate\Foundation\Http\Middleware\TrimStrings->handle(Object(Illuminate\Http\Request), Object(Closure))
#40 C:\Dev\gnb_crm_api\vendor\laravel\framework\src\Illuminate\Foundation\Http\Middleware\ValidatePostSize.php(27): Illuminate\Pipeline\Pipeline->Illuminate\Pipeline\{closure}(Object(Illuminate\Http\Request))
#41 C:\Dev\gnb_crm_api\vendor\laravel\framework\src\Illuminate\Pipeline\Pipeline.php(180): Illuminate\Foundation\Http\Middleware\ValidatePostSize->handle(Object(Illuminate\Http\Request), Object(Closure))
#42 C:\Dev\gnb_crm_api\vendor\laravel\framework\src\Illuminate\Foundation\Http\Middleware\PreventRequestsDuringMaintenance.php(86): Illuminate\Pipeline\Pipeline->Illuminate\Pipeline\{closure}(Object(Illuminate\Http\Request))
#43 C:\Dev\gnb_crm_api\vendor\laravel\framework\src\Illuminate\Pipeline\Pipeline.php(180): Illuminate\Foundation\Http\Middleware\PreventRequestsDuringMaintenance->handle(Object(Illuminate\Http\Request), Object(Closure))
#44 C:\Dev\gnb_crm_api\vendor\laravel\framework\src\Illuminate\Http\Middleware\HandleCors.php(62): Illuminate\Pipeline\Pipeline->Illuminate\Pipeline\{closure}(Object(Illuminate\Http\Request))
#45 C:\Dev\gnb_crm_api\vendor\laravel\framework\src\Illuminate\Pipeline\Pipeline.php(180): Illuminate\Http\Middleware\HandleCors->handle(Object(Illuminate\Http\Request), Object(Closure))
#46 C:\Dev\gnb_crm_api\vendor\laravel\framework\src\Illuminate\Http\Middleware\TrustProxies.php(39): Illuminate\Pipeline\Pipeline->Illuminate\Pipeline\{closure}(Object(Illuminate\Http\Request))
#47 C:\Dev\gnb_crm_api\vendor\laravel\framework\src\Illuminate\Pipeline\Pipeline.php(180): Illuminate\Http\Middleware\TrustProxies->handle(Object(Illuminate\Http\Request), Object(Closure))
#48 C:\Dev\gnb_crm_api\vendor\laravel\framework\src\Illuminate\Pipeline\Pipeline.php(116): Illuminate\Pipeline\Pipeline->Illuminate\Pipeline\{closure}(Object(Illuminate\Http\Request))
#49 C:\Dev\gnb_crm_api\vendor\laravel\framework\src\Illuminate\Foundation\Http\Kernel.php(175): Illuminate\Pipeline\Pipeline->then(Object(Closure))
#50 C:\Dev\gnb_crm_api\vendor\laravel\framework\src\Illuminate\Foundation\Http\Kernel.php(144): Illuminate\Foundation\Http\Kernel->sendRequestThroughRouter(Object(Illuminate\Http\Request))
#51 C:\Dev\gnb_crm_api\public\index.php(52): Illuminate\Foundation\Http\Kernel->handle(Object(Illuminate\Http\Request))
#52 C:\Dev\gnb_crm_api\vendor\laravel\framework\src\Illuminate\Foundation\resources\server.php(16): require_once('C:\\Dev\\gnb_crm_...')
#53 {main}
2023-07-22 20:37:27 com\zoho\api\logger\SDKLogger INFO Initialization successful for Email Id : tecnologia@gruponobe.com in Environment : https://www.zohoapis.com.
2023-07-22 20:37:27 com\zoho\api\logger\SDKLogger INFO GET - URL = https://www.zohoapis.com/crm/v2.1/settings/fields?module=Leadss , headers = {"Authorization":" ## can't disclose ## ","X-ZOHO-SDK":"Windows NT\/10.0\/php-2.1\/8.1.10:7.1.0"} , PARAMS = {"module":"Leadss"}.
2023-07-22 20:37:27 com\zoho\api\logger\SDKLogger SEVERE Exception :  com\zoho\crm\api\exception\SDKException Caused by : API_EXCEPTION - {"code":"INVALID_MODULE","status":"error","message":"the module name given seems to be invalid"}
C:\Dev\gnb_crm_api\vendor\zohocrm\php-sdk-2.1\src\com\zoho\crm\api\util\Utility.php- 655- 
#0 C:\Dev\gnb_crm_api\vendor\zohocrm\php-sdk-2.1\src\com\zoho\crm\api\util\Utility.php(96): com\zoho\crm\api\util\Utility::getFieldDetails('Leadss')
#1 C:\Dev\gnb_crm_api\vendor\zohocrm\php-sdk-2.1\src\com\zoho\crm\api\util\Utility.php(213): com\zoho\crm\api\util\Utility::fileExistsFlow('Leadss', 'C:\\Dev\\gnb_crm_...', NULL)
#2 C:\Dev\gnb_crm_api\vendor\zohocrm\php-sdk-2.1\src\com\zoho\crm\api\util\Utility.php(170): com\zoho\crm\api\util\Utility::getFieldsInfo('Leadss', Object(com\zoho\crm\api\util\CommonAPIHandler))
#3 C:\Dev\gnb_crm_api\vendor\zohocrm\php-sdk-2.1\src\com\zoho\crm\api\record\RecordOperations.php(117): com\zoho\crm\api\util\Utility::getFields('Leadss', Object(com\zoho\crm\api\util\CommonAPIHandler))
#4 C:\Dev\gnb_crm_api\app\Zoho\Record.php(59): com\zoho\crm\api\record\RecordOperations->getRecords('Leadss', Object(com\zoho\crm\api\ParameterMap), Object(com\zoho\crm\api\HeaderMap))
#5 C:\Dev\gnb_crm_api\app\Http\Controllers\CaseController.php(15): App\Zoho\Record::getRecords()
#6 C:\Dev\gnb_crm_api\vendor\laravel\framework\src\Illuminate\Routing\Controller.php(54): App\Http\Controllers\CaseController->index(Object(Illuminate\Http\Request))
#7 C:\Dev\gnb_crm_api\vendor\laravel\framework\src\Illuminate\Routing\ControllerDispatcher.php(43): Illuminate\Routing\Controller->callAction('index', Array)
#8 C:\Dev\gnb_crm_api\vendor\laravel\framework\src\Illuminate\Routing\Route.php(260): Illuminate\Routing\ControllerDispatcher->dispatch(Object(Illuminate\Routing\Route), Object(App\Http\Controllers\CaseController), 'index')
#9 C:\Dev\gnb_crm_api\vendor\laravel\framework\src\Illuminate\Routing\Route.php(205): Illuminate\Routing\Route->runController()
#10 C:\Dev\gnb_crm_api\vendor\laravel\framework\src\Illuminate\Routing\Router.php(799): Illuminate\Routing\Route->run()
#11 C:\Dev\gnb_crm_api\vendor\laravel\framework\src\Illuminate\Pipeline\Pipeline.php(141): Illuminate\Routing\Router->Illuminate\Routing\{closure}(Object(Illuminate\Http\Request))
#12 C:\Dev\gnb_crm_api\app\Http\Middleware\ZohoUserFilter.php(22): Illuminate\Pipeline\Pipeline->Illuminate\Pipeline\{closure}(Object(Illuminate\Http\Request))
#13 C:\Dev\gnb_crm_api\vendor\laravel\framework\src\Illuminate\Pipeline\Pipeline.php(180): App\Http\Middleware\ZohoUserFilter->handle(Object(Illuminate\Http\Request), Object(Closure))
#14 C:\Dev\gnb_crm_api\vendor\laravel\framework\src\Illuminate\Routing\Middleware\SubstituteBindings.php(50): Illuminate\Pipeline\Pipeline->Illuminate\Pipeline\{closure}(Object(Illuminate\Http\Request))
#15 C:\Dev\gnb_crm_api\vendor\laravel\framework\src\Illuminate\Pipeline\Pipeline.php(180): Illuminate\Routing\Middleware\SubstituteBindings->handle(Object(Illuminate\Http\Request), Object(Closure))
#16 C:\Dev\gnb_crm_api\vendor\laravel\framework\src\Illuminate\Routing\Middleware\ThrottleRequests.php(159): Illuminate\Pipeline\Pipeline->Illuminate\Pipeline\{closure}(Object(Illuminate\Http\Request))
#17 C:\Dev\gnb_crm_api\vendor\laravel\framework\src\Illuminate\Routing\Middleware\ThrottleRequests.php(135): Illuminate\Routing\Middleware\ThrottleRequests->handleRequest(Object(Illuminate\Http\Request), Object(Closure), Array)
#18 C:\Dev\gnb_crm_api\vendor\laravel\framework\src\Illuminate\Routing\Middleware\ThrottleRequests.php(87): Illuminate\Routing\Middleware\ThrottleRequests->handleRequestUsingNamedLimiter(Object(Illuminate\Http\Request), Object(Closure), 'api', Object(Closure))
#19 C:\Dev\gnb_crm_api\vendor\laravel\framework\src\Illuminate\Pipeline\Pipeline.php(180): Illuminate\Routing\Middleware\ThrottleRequests->handle(Object(Illuminate\Http\Request), Object(Closure), 'api')
#20 C:\Dev\gnb_crm_api\vendor\laravel\framework\src\Illuminate\Auth\Middleware\Authenticate.php(57): Illuminate\Pipeline\Pipeline->Illuminate\Pipeline\{closure}(Object(Illuminate\Http\Request))
#21 C:\Dev\gnb_crm_api\vendor\laravel\framework\src\Illuminate\Pipeline\Pipeline.php(180): Illuminate\Auth\Middleware\Authenticate->handle(Object(Illuminate\Http\Request), Object(Closure), 'sanctum')
#22 C:\Dev\gnb_crm_api\vendor\laravel\sanctum\src\Http\Middleware\EnsureFrontendRequestsAreStateful.php(25): Illuminate\Pipeline\Pipeline->Illuminate\Pipeline\{closure}(Object(Illuminate\Http\Request))
#23 C:\Dev\gnb_crm_api\vendor\laravel\framework\src\Illuminate\Pipeline\Pipeline.php(141): Laravel\Sanctum\Http\Middleware\EnsureFrontendRequestsAreStateful->Laravel\Sanctum\Http\Middleware\{closure}(Object(Illuminate\Http\Request))
#24 C:\Dev\gnb_crm_api\vendor\laravel\framework\src\Illuminate\Pipeline\Pipeline.php(116): Illuminate\Pipeline\Pipeline->Illuminate\Pipeline\{closure}(Object(Illuminate\Http\Request))
#25 C:\Dev\gnb_crm_api\vendor\laravel\sanctum\src\Http\Middleware\EnsureFrontendRequestsAreStateful.php(26): Illuminate\Pipeline\Pipeline->then(Object(Closure))
#26 C:\Dev\gnb_crm_api\vendor\laravel\framework\src\Illuminate\Pipeline\Pipeline.php(180): Laravel\Sanctum\Http\Middleware\EnsureFrontendRequestsAreStateful->handle(Object(Illuminate\Http\Request), Object(Closure))
#27 C:\Dev\gnb_crm_api\vendor\laravel\framework\src\Illuminate\Pipeline\Pipeline.php(116): Illuminate\Pipeline\Pipeline->Illuminate\Pipeline\{closure}(Object(Illuminate\Http\Request))
#28 C:\Dev\gnb_crm_api\vendor\laravel\framework\src\Illuminate\Routing\Router.php(800): Illuminate\Pipeline\Pipeline->then(Object(Closure))
#29 C:\Dev\gnb_crm_api\vendor\laravel\framework\src\Illuminate\Routing\Router.php(777): Illuminate\Routing\Router->runRouteWithinStack(Object(Illuminate\Routing\Route), Object(Illuminate\Http\Request))
#30 C:\Dev\gnb_crm_api\vendor\laravel\framework\src\Illuminate\Routing\Router.php(741): Illuminate\Routing\Router->runRoute(Object(Illuminate\Http\Request), Object(Illuminate\Routing\Route))
#31 C:\Dev\gnb_crm_api\vendor\laravel\framework\src\Illuminate\Routing\Router.php(730): Illuminate\Routing\Router->dispatchToRoute(Object(Illuminate\Http\Request))
#32 C:\Dev\gnb_crm_api\vendor\laravel\framework\src\Illuminate\Foundation\Http\Kernel.php(200): Illuminate\Routing\Router->dispatch(Object(Illuminate\Http\Request))
#33 C:\Dev\gnb_crm_api\vendor\laravel\framework\src\Illuminate\Pipeline\Pipeline.php(141): Illuminate\Foundation\Http\Kernel->Illuminate\Foundation\Http\{closure}(Object(Illuminate\Http\Request))
#34 C:\Dev\gnb_crm_api\vendor\laravel\framework\src\Illuminate\Foundation\Http\Middleware\TransformsRequest.php(21): Illuminate\Pipeline\Pipeline->Illuminate\Pipeline\{closure}(Object(Illuminate\Http\Request))
#35 C:\Dev\gnb_crm_api\vendor\laravel\framework\src\Illuminate\Foundation\Http\Middleware\ConvertEmptyStringsToNull.php(31): Illuminate\Foundation\Http\Middleware\TransformsRequest->handle(Object(Illuminate\Http\Request), Object(Closure))
#36 C:\Dev\gnb_crm_api\vendor\laravel\framework\src\Illuminate\Pipeline\Pipeline.php(180): Illuminate\Foundation\Http\Middleware\ConvertEmptyStringsToNull->handle(Object(Illuminate\Http\Request), Object(Closure))
#37 C:\Dev\gnb_crm_api\vendor\laravel\framework\src\Illuminate\Foundation\Http\Middleware\TransformsRequest.php(21): Illuminate\Pipeline\Pipeline->Illuminate\Pipeline\{closure}(Object(Illuminate\Http\Request))
#38 C:\Dev\gnb_crm_api\vendor\laravel\framework\src\Illuminate\Foundation\Http\Middleware\TrimStrings.php(40): Illuminate\Foundation\Http\Middleware\TransformsRequest->handle(Object(Illuminate\Http\Request), Object(Closure))
#39 C:\Dev\gnb_crm_api\vendor\laravel\framework\src\Illuminate\Pipeline\Pipeline.php(180): Illuminate\Foundation\Http\Middleware\TrimStrings->handle(Object(Illuminate\Http\Request), Object(Closure))
#40 C:\Dev\gnb_crm_api\vendor\laravel\framework\src\Illuminate\Foundation\Http\Middleware\ValidatePostSize.php(27): Illuminate\Pipeline\Pipeline->Illuminate\Pipeline\{closure}(Object(Illuminate\Http\Request))
#41 C:\Dev\gnb_crm_api\vendor\laravel\framework\src\Illuminate\Pipeline\Pipeline.php(180): Illuminate\Foundation\Http\Middleware\ValidatePostSize->handle(Object(Illuminate\Http\Request), Object(Closure))
#42 C:\Dev\gnb_crm_api\vendor\laravel\framework\src\Illuminate\Foundation\Http\Middleware\PreventRequestsDuringMaintenance.php(86): Illuminate\Pipeline\Pipeline->Illuminate\Pipeline\{closure}(Object(Illuminate\Http\Request))
#43 C:\Dev\gnb_crm_api\vendor\laravel\framework\src\Illuminate\Pipeline\Pipeline.php(180): Illuminate\Foundation\Http\Middleware\PreventRequestsDuringMaintenance->handle(Object(Illuminate\Http\Request), Object(Closure))
#44 C:\Dev\gnb_crm_api\vendor\laravel\framework\src\Illuminate\Http\Middleware\HandleCors.php(62): Illuminate\Pipeline\Pipeline->Illuminate\Pipeline\{closure}(Object(Illuminate\Http\Request))
#45 C:\Dev\gnb_crm_api\vendor\laravel\framework\src\Illuminate\Pipeline\Pipeline.php(180): Illuminate\Http\Middleware\HandleCors->handle(Object(Illuminate\Http\Request), Object(Closure))
#46 C:\Dev\gnb_crm_api\vendor\laravel\framework\src\Illuminate\Http\Middleware\TrustProxies.php(39): Illuminate\Pipeline\Pipeline->Illuminate\Pipeline\{closure}(Object(Illuminate\Http\Request))
#47 C:\Dev\gnb_crm_api\vendor\laravel\framework\src\Illuminate\Pipeline\Pipeline.php(180): Illuminate\Http\Middleware\TrustProxies->handle(Object(Illuminate\Http\Request), Object(Closure))
#48 C:\Dev\gnb_crm_api\vendor\laravel\framework\src\Illuminate\Pipeline\Pipeline.php(116): Illuminate\Pipeline\Pipeline->Illuminate\Pipeline\{closure}(Object(Illuminate\Http\Request))
#49 C:\Dev\gnb_crm_api\vendor\laravel\framework\src\Illuminate\Foundation\Http\Kernel.php(175): Illuminate\Pipeline\Pipeline->then(Object(Closure))
#50 C:\Dev\gnb_crm_api\vendor\laravel\framework\src\Illuminate\Foundation\Http\Kernel.php(144): Illuminate\Foundation\Http\Kernel->sendRequestThroughRouter(Object(Illuminate\Http\Request))
#51 C:\Dev\gnb_crm_api\public\index.php(52): Illuminate\Foundation\Http\Kernel->handle(Object(Illuminate\Http\Request))
#52 C:\Dev\gnb_crm_api\vendor\laravel\framework\src\Illuminate\Foundation\resources\server.php(16): require_once('C:\\Dev\\gnb_crm_...')
#53 {main}
2023-07-22 20:37:44 com\zoho\api\logger\SDKLogger INFO Initialization successful for Email Id : tecnologia@gruponobe.com in Environment : https://www.zohoapis.com.
2023-07-22 20:37:44 com\zoho\api\logger\SDKLogger INFO GET - URL = https://www.zohoapis.com/crm/v2.1/settings/fields?module=Leadss , headers = {"Authorization":" ## can't disclose ## ","X-ZOHO-SDK":"Windows NT\/10.0\/php-2.1\/8.1.10:7.1.0"} , PARAMS = {"module":"Leadss"}.
2023-07-22 20:37:44 com\zoho\api\logger\SDKLogger SEVERE Exception :  com\zoho\crm\api\exception\SDKException Caused by : API_EXCEPTION - {"code":"INVALID_MODULE","status":"error","message":"the module name given seems to be invalid"}
C:\Dev\gnb_crm_api\vendor\zohocrm\php-sdk-2.1\src\com\zoho\crm\api\util\Utility.php- 655- 
#0 C:\Dev\gnb_crm_api\vendor\zohocrm\php-sdk-2.1\src\com\zoho\crm\api\util\Utility.php(96): com\zoho\crm\api\util\Utility::getFieldDetails('Leadss')
#1 C:\Dev\gnb_crm_api\vendor\zohocrm\php-sdk-2.1\src\com\zoho\crm\api\util\Utility.php(213): com\zoho\crm\api\util\Utility::fileExistsFlow('Leadss', 'C:\\Dev\\gnb_crm_...', NULL)
#2 C:\Dev\gnb_crm_api\vendor\zohocrm\php-sdk-2.1\src\com\zoho\crm\api\util\Utility.php(170): com\zoho\crm\api\util\Utility::getFieldsInfo('Leadss', Object(com\zoho\crm\api\util\CommonAPIHandler))
#3 C:\Dev\gnb_crm_api\vendor\zohocrm\php-sdk-2.1\src\com\zoho\crm\api\record\RecordOperations.php(117): com\zoho\crm\api\util\Utility::getFields('Leadss', Object(com\zoho\crm\api\util\CommonAPIHandler))
#4 C:\Dev\gnb_crm_api\app\Zoho\Record.php(59): com\zoho\crm\api\record\RecordOperations->getRecords('Leadss', Object(com\zoho\crm\api\ParameterMap), Object(com\zoho\crm\api\HeaderMap))
#5 C:\Dev\gnb_crm_api\app\Http\Controllers\CaseController.php(15): App\Zoho\Record::getRecords()
#6 C:\Dev\gnb_crm_api\vendor\laravel\framework\src\Illuminate\Routing\Controller.php(54): App\Http\Controllers\CaseController->index(Object(Illuminate\Http\Request))
#7 C:\Dev\gnb_crm_api\vendor\laravel\framework\src\Illuminate\Routing\ControllerDispatcher.php(43): Illuminate\Routing\Controller->callAction('index', Array)
#8 C:\Dev\gnb_crm_api\vendor\laravel\framework\src\Illuminate\Routing\Route.php(260): Illuminate\Routing\ControllerDispatcher->dispatch(Object(Illuminate\Routing\Route), Object(App\Http\Controllers\CaseController), 'index')
#9 C:\Dev\gnb_crm_api\vendor\laravel\framework\src\Illuminate\Routing\Route.php(205): Illuminate\Routing\Route->runController()
#10 C:\Dev\gnb_crm_api\vendor\laravel\framework\src\Illuminate\Routing\Router.php(799): Illuminate\Routing\Route->run()
#11 C:\Dev\gnb_crm_api\vendor\laravel\framework\src\Illuminate\Pipeline\Pipeline.php(141): Illuminate\Routing\Router->Illuminate\Routing\{closure}(Object(Illuminate\Http\Request))
#12 C:\Dev\gnb_crm_api\app\Http\Middleware\ZohoUserFilter.php(22): Illuminate\Pipeline\Pipeline->Illuminate\Pipeline\{closure}(Object(Illuminate\Http\Request))
#13 C:\Dev\gnb_crm_api\vendor\laravel\framework\src\Illuminate\Pipeline\Pipeline.php(180): App\Http\Middleware\ZohoUserFilter->handle(Object(Illuminate\Http\Request), Object(Closure))
#14 C:\Dev\gnb_crm_api\vendor\laravel\framework\src\Illuminate\Routing\Middleware\SubstituteBindings.php(50): Illuminate\Pipeline\Pipeline->Illuminate\Pipeline\{closure}(Object(Illuminate\Http\Request))
#15 C:\Dev\gnb_crm_api\vendor\laravel\framework\src\Illuminate\Pipeline\Pipeline.php(180): Illuminate\Routing\Middleware\SubstituteBindings->handle(Object(Illuminate\Http\Request), Object(Closure))
#16 C:\Dev\gnb_crm_api\vendor\laravel\framework\src\Illuminate\Routing\Middleware\ThrottleRequests.php(159): Illuminate\Pipeline\Pipeline->Illuminate\Pipeline\{closure}(Object(Illuminate\Http\Request))
#17 C:\Dev\gnb_crm_api\vendor\laravel\framework\src\Illuminate\Routing\Middleware\ThrottleRequests.php(135): Illuminate\Routing\Middleware\ThrottleRequests->handleRequest(Object(Illuminate\Http\Request), Object(Closure), Array)
#18 C:\Dev\gnb_crm_api\vendor\laravel\framework\src\Illuminate\Routing\Middleware\ThrottleRequests.php(87): Illuminate\Routing\Middleware\ThrottleRequests->handleRequestUsingNamedLimiter(Object(Illuminate\Http\Request), Object(Closure), 'api', Object(Closure))
#19 C:\Dev\gnb_crm_api\vendor\laravel\framework\src\Illuminate\Pipeline\Pipeline.php(180): Illuminate\Routing\Middleware\ThrottleRequests->handle(Object(Illuminate\Http\Request), Object(Closure), 'api')
#20 C:\Dev\gnb_crm_api\vendor\laravel\framework\src\Illuminate\Auth\Middleware\Authenticate.php(57): Illuminate\Pipeline\Pipeline->Illuminate\Pipeline\{closure}(Object(Illuminate\Http\Request))
#21 C:\Dev\gnb_crm_api\vendor\laravel\framework\src\Illuminate\Pipeline\Pipeline.php(180): Illuminate\Auth\Middleware\Authenticate->handle(Object(Illuminate\Http\Request), Object(Closure), 'sanctum')
#22 C:\Dev\gnb_crm_api\vendor\laravel\sanctum\src\Http\Middleware\EnsureFrontendRequestsAreStateful.php(25): Illuminate\Pipeline\Pipeline->Illuminate\Pipeline\{closure}(Object(Illuminate\Http\Request))
#23 C:\Dev\gnb_crm_api\vendor\laravel\framework\src\Illuminate\Pipeline\Pipeline.php(141): Laravel\Sanctum\Http\Middleware\EnsureFrontendRequestsAreStateful->Laravel\Sanctum\Http\Middleware\{closure}(Object(Illuminate\Http\Request))
#24 C:\Dev\gnb_crm_api\vendor\laravel\framework\src\Illuminate\Pipeline\Pipeline.php(116): Illuminate\Pipeline\Pipeline->Illuminate\Pipeline\{closure}(Object(Illuminate\Http\Request))
#25 C:\Dev\gnb_crm_api\vendor\laravel\sanctum\src\Http\Middleware\EnsureFrontendRequestsAreStateful.php(26): Illuminate\Pipeline\Pipeline->then(Object(Closure))
#26 C:\Dev\gnb_crm_api\vendor\laravel\framework\src\Illuminate\Pipeline\Pipeline.php(180): Laravel\Sanctum\Http\Middleware\EnsureFrontendRequestsAreStateful->handle(Object(Illuminate\Http\Request), Object(Closure))
#27 C:\Dev\gnb_crm_api\vendor\laravel\framework\src\Illuminate\Pipeline\Pipeline.php(116): Illuminate\Pipeline\Pipeline->Illuminate\Pipeline\{closure}(Object(Illuminate\Http\Request))
#28 C:\Dev\gnb_crm_api\vendor\laravel\framework\src\Illuminate\Routing\Router.php(800): Illuminate\Pipeline\Pipeline->then(Object(Closure))
#29 C:\Dev\gnb_crm_api\vendor\laravel\framework\src\Illuminate\Routing\Router.php(777): Illuminate\Routing\Router->runRouteWithinStack(Object(Illuminate\Routing\Route), Object(Illuminate\Http\Request))
#30 C:\Dev\gnb_crm_api\vendor\laravel\framework\src\Illuminate\Routing\Router.php(741): Illuminate\Routing\Router->runRoute(Object(Illuminate\Http\Request), Object(Illuminate\Routing\Route))
#31 C:\Dev\gnb_crm_api\vendor\laravel\framework\src\Illuminate\Routing\Router.php(730): Illuminate\Routing\Router->dispatchToRoute(Object(Illuminate\Http\Request))
#32 C:\Dev\gnb_crm_api\vendor\laravel\framework\src\Illuminate\Foundation\Http\Kernel.php(200): Illuminate\Routing\Router->dispatch(Object(Illuminate\Http\Request))
#33 C:\Dev\gnb_crm_api\vendor\laravel\framework\src\Illuminate\Pipeline\Pipeline.php(141): Illuminate\Foundation\Http\Kernel->Illuminate\Foundation\Http\{closure}(Object(Illuminate\Http\Request))
#34 C:\Dev\gnb_crm_api\vendor\laravel\framework\src\Illuminate\Foundation\Http\Middleware\TransformsRequest.php(21): Illuminate\Pipeline\Pipeline->Illuminate\Pipeline\{closure}(Object(Illuminate\Http\Request))
#35 C:\Dev\gnb_crm_api\vendor\laravel\framework\src\Illuminate\Foundation\Http\Middleware\ConvertEmptyStringsToNull.php(31): Illuminate\Foundation\Http\Middleware\TransformsRequest->handle(Object(Illuminate\Http\Request), Object(Closure))
#36 C:\Dev\gnb_crm_api\vendor\laravel\framework\src\Illuminate\Pipeline\Pipeline.php(180): Illuminate\Foundation\Http\Middleware\ConvertEmptyStringsToNull->handle(Object(Illuminate\Http\Request), Object(Closure))
#37 C:\Dev\gnb_crm_api\vendor\laravel\framework\src\Illuminate\Foundation\Http\Middleware\TransformsRequest.php(21): Illuminate\Pipeline\Pipeline->Illuminate\Pipeline\{closure}(Object(Illuminate\Http\Request))
#38 C:\Dev\gnb_crm_api\vendor\laravel\framework\src\Illuminate\Foundation\Http\Middleware\TrimStrings.php(40): Illuminate\Foundation\Http\Middleware\TransformsRequest->handle(Object(Illuminate\Http\Request), Object(Closure))
#39 C:\Dev\gnb_crm_api\vendor\laravel\framework\src\Illuminate\Pipeline\Pipeline.php(180): Illuminate\Foundation\Http\Middleware\TrimStrings->handle(Object(Illuminate\Http\Request), Object(Closure))
#40 C:\Dev\gnb_crm_api\vendor\laravel\framework\src\Illuminate\Foundation\Http\Middleware\ValidatePostSize.php(27): Illuminate\Pipeline\Pipeline->Illuminate\Pipeline\{closure}(Object(Illuminate\Http\Request))
#41 C:\Dev\gnb_crm_api\vendor\laravel\framework\src\Illuminate\Pipeline\Pipeline.php(180): Illuminate\Foundation\Http\Middleware\ValidatePostSize->handle(Object(Illuminate\Http\Request), Object(Closure))
#42 C:\Dev\gnb_crm_api\vendor\laravel\framework\src\Illuminate\Foundation\Http\Middleware\PreventRequestsDuringMaintenance.php(86): Illuminate\Pipeline\Pipeline->Illuminate\Pipeline\{closure}(Object(Illuminate\Http\Request))
#43 C:\Dev\gnb_crm_api\vendor\laravel\framework\src\Illuminate\Pipeline\Pipeline.php(180): Illuminate\Foundation\Http\Middleware\PreventRequestsDuringMaintenance->handle(Object(Illuminate\Http\Request), Object(Closure))
#44 C:\Dev\gnb_crm_api\vendor\laravel\framework\src\Illuminate\Http\Middleware\HandleCors.php(62): Illuminate\Pipeline\Pipeline->Illuminate\Pipeline\{closure}(Object(Illuminate\Http\Request))
#45 C:\Dev\gnb_crm_api\vendor\laravel\framework\src\Illuminate\Pipeline\Pipeline.php(180): Illuminate\Http\Middleware\HandleCors->handle(Object(Illuminate\Http\Request), Object(Closure))
#46 C:\Dev\gnb_crm_api\vendor\laravel\framework\src\Illuminate\Http\Middleware\TrustProxies.php(39): Illuminate\Pipeline\Pipeline->Illuminate\Pipeline\{closure}(Object(Illuminate\Http\Request))
#47 C:\Dev\gnb_crm_api\vendor\laravel\framework\src\Illuminate\Pipeline\Pipeline.php(180): Illuminate\Http\Middleware\TrustProxies->handle(Object(Illuminate\Http\Request), Object(Closure))
#48 C:\Dev\gnb_crm_api\vendor\laravel\framework\src\Illuminate\Pipeline\Pipeline.php(116): Illuminate\Pipeline\Pipeline->Illuminate\Pipeline\{closure}(Object(Illuminate\Http\Request))
#49 C:\Dev\gnb_crm_api\vendor\laravel\framework\src\Illuminate\Foundation\Http\Kernel.php(175): Illuminate\Pipeline\Pipeline->then(Object(Closure))
#50 C:\Dev\gnb_crm_api\vendor\laravel\framework\src\Illuminate\Foundation\Http\Kernel.php(144): Illuminate\Foundation\Http\Kernel->sendRequestThroughRouter(Object(Illuminate\Http\Request))
#51 C:\Dev\gnb_crm_api\public\index.php(52): Illuminate\Foundation\Http\Kernel->handle(Object(Illuminate\Http\Request))
#52 C:\Dev\gnb_crm_api\vendor\laravel\framework\src\Illuminate\Foundation\resources\server.php(16): require_once('C:\\Dev\\gnb_crm_...')
#53 {main}
2023-07-22 20:38:06 com\zoho\api\logger\SDKLogger INFO Initialization successful for Email Id : tecnologia@gruponobe.com in Environment : https://www.zohoapis.com.
2023-07-22 20:38:06 com\zoho\api\logger\SDKLogger INFO GET - URL = https://www.zohoapis.com/crm/v2.1/settings/fields?module=Leadss , headers = {"Authorization":" ## can't disclose ## ","X-ZOHO-SDK":"Windows NT\/10.0\/php-2.1\/8.1.10:7.1.0"} , PARAMS = {"module":"Leadss"}.
2023-07-22 20:38:06 com\zoho\api\logger\SDKLogger SEVERE Exception :  com\zoho\crm\api\exception\SDKException Caused by : API_EXCEPTION - {"code":"INVALID_MODULE","status":"error","message":"the module name given seems to be invalid"}
C:\Dev\gnb_crm_api\vendor\zohocrm\php-sdk-2.1\src\com\zoho\crm\api\util\Utility.php- 655- 
#0 C:\Dev\gnb_crm_api\vendor\zohocrm\php-sdk-2.1\src\com\zoho\crm\api\util\Utility.php(96): com\zoho\crm\api\util\Utility::getFieldDetails('Leadss')
#1 C:\Dev\gnb_crm_api\vendor\zohocrm\php-sdk-2.1\src\com\zoho\crm\api\util\Utility.php(213): com\zoho\crm\api\util\Utility::fileExistsFlow('Leadss', 'C:\\Dev\\gnb_crm_...', NULL)
#2 C:\Dev\gnb_crm_api\vendor\zohocrm\php-sdk-2.1\src\com\zoho\crm\api\util\Utility.php(170): com\zoho\crm\api\util\Utility::getFieldsInfo('Leadss', Object(com\zoho\crm\api\util\CommonAPIHandler))
#3 C:\Dev\gnb_crm_api\vendor\zohocrm\php-sdk-2.1\src\com\zoho\crm\api\record\RecordOperations.php(117): com\zoho\crm\api\util\Utility::getFields('Leadss', Object(com\zoho\crm\api\util\CommonAPIHandler))
#4 C:\Dev\gnb_crm_api\app\Zoho\Record.php(58): com\zoho\crm\api\record\RecordOperations->getRecords('Leadss', Object(com\zoho\crm\api\ParameterMap), Object(com\zoho\crm\api\HeaderMap))
#5 C:\Dev\gnb_crm_api\app\Http\Controllers\CaseController.php(15): App\Zoho\Record::getRecords()
#6 C:\Dev\gnb_crm_api\vendor\laravel\framework\src\Illuminate\Routing\Controller.php(54): App\Http\Controllers\CaseController->index(Object(Illuminate\Http\Request))
#7 C:\Dev\gnb_crm_api\vendor\laravel\framework\src\Illuminate\Routing\ControllerDispatcher.php(43): Illuminate\Routing\Controller->callAction('index', Array)
#8 C:\Dev\gnb_crm_api\vendor\laravel\framework\src\Illuminate\Routing\Route.php(260): Illuminate\Routing\ControllerDispatcher->dispatch(Object(Illuminate\Routing\Route), Object(App\Http\Controllers\CaseController), 'index')
#9 C:\Dev\gnb_crm_api\vendor\laravel\framework\src\Illuminate\Routing\Route.php(205): Illuminate\Routing\Route->runController()
#10 C:\Dev\gnb_crm_api\vendor\laravel\framework\src\Illuminate\Routing\Router.php(799): Illuminate\Routing\Route->run()
#11 C:\Dev\gnb_crm_api\vendor\laravel\framework\src\Illuminate\Pipeline\Pipeline.php(141): Illuminate\Routing\Router->Illuminate\Routing\{closure}(Object(Illuminate\Http\Request))
#12 C:\Dev\gnb_crm_api\app\Http\Middleware\ZohoUserFilter.php(22): Illuminate\Pipeline\Pipeline->Illuminate\Pipeline\{closure}(Object(Illuminate\Http\Request))
#13 C:\Dev\gnb_crm_api\vendor\laravel\framework\src\Illuminate\Pipeline\Pipeline.php(180): App\Http\Middleware\ZohoUserFilter->handle(Object(Illuminate\Http\Request), Object(Closure))
#14 C:\Dev\gnb_crm_api\vendor\laravel\framework\src\Illuminate\Routing\Middleware\SubstituteBindings.php(50): Illuminate\Pipeline\Pipeline->Illuminate\Pipeline\{closure}(Object(Illuminate\Http\Request))
#15 C:\Dev\gnb_crm_api\vendor\laravel\framework\src\Illuminate\Pipeline\Pipeline.php(180): Illuminate\Routing\Middleware\SubstituteBindings->handle(Object(Illuminate\Http\Request), Object(Closure))
#16 C:\Dev\gnb_crm_api\vendor\laravel\framework\src\Illuminate\Routing\Middleware\ThrottleRequests.php(159): Illuminate\Pipeline\Pipeline->Illuminate\Pipeline\{closure}(Object(Illuminate\Http\Request))
#17 C:\Dev\gnb_crm_api\vendor\laravel\framework\src\Illuminate\Routing\Middleware\ThrottleRequests.php(135): Illuminate\Routing\Middleware\ThrottleRequests->handleRequest(Object(Illuminate\Http\Request), Object(Closure), Array)
#18 C:\Dev\gnb_crm_api\vendor\laravel\framework\src\Illuminate\Routing\Middleware\ThrottleRequests.php(87): Illuminate\Routing\Middleware\ThrottleRequests->handleRequestUsingNamedLimiter(Object(Illuminate\Http\Request), Object(Closure), 'api', Object(Closure))
#19 C:\Dev\gnb_crm_api\vendor\laravel\framework\src\Illuminate\Pipeline\Pipeline.php(180): Illuminate\Routing\Middleware\ThrottleRequests->handle(Object(Illuminate\Http\Request), Object(Closure), 'api')
#20 C:\Dev\gnb_crm_api\vendor\laravel\framework\src\Illuminate\Auth\Middleware\Authenticate.php(57): Illuminate\Pipeline\Pipeline->Illuminate\Pipeline\{closure}(Object(Illuminate\Http\Request))
#21 C:\Dev\gnb_crm_api\vendor\laravel\framework\src\Illuminate\Pipeline\Pipeline.php(180): Illuminate\Auth\Middleware\Authenticate->handle(Object(Illuminate\Http\Request), Object(Closure), 'sanctum')
#22 C:\Dev\gnb_crm_api\vendor\laravel\sanctum\src\Http\Middleware\EnsureFrontendRequestsAreStateful.php(25): Illuminate\Pipeline\Pipeline->Illuminate\Pipeline\{closure}(Object(Illuminate\Http\Request))
#23 C:\Dev\gnb_crm_api\vendor\laravel\framework\src\Illuminate\Pipeline\Pipeline.php(141): Laravel\Sanctum\Http\Middleware\EnsureFrontendRequestsAreStateful->Laravel\Sanctum\Http\Middleware\{closure}(Object(Illuminate\Http\Request))
#24 C:\Dev\gnb_crm_api\vendor\laravel\framework\src\Illuminate\Pipeline\Pipeline.php(116): Illuminate\Pipeline\Pipeline->Illuminate\Pipeline\{closure}(Object(Illuminate\Http\Request))
#25 C:\Dev\gnb_crm_api\vendor\laravel\sanctum\src\Http\Middleware\EnsureFrontendRequestsAreStateful.php(26): Illuminate\Pipeline\Pipeline->then(Object(Closure))
#26 C:\Dev\gnb_crm_api\vendor\laravel\framework\src\Illuminate\Pipeline\Pipeline.php(180): Laravel\Sanctum\Http\Middleware\EnsureFrontendRequestsAreStateful->handle(Object(Illuminate\Http\Request), Object(Closure))
#27 C:\Dev\gnb_crm_api\vendor\laravel\framework\src\Illuminate\Pipeline\Pipeline.php(116): Illuminate\Pipeline\Pipeline->Illuminate\Pipeline\{closure}(Object(Illuminate\Http\Request))
#28 C:\Dev\gnb_crm_api\vendor\laravel\framework\src\Illuminate\Routing\Router.php(800): Illuminate\Pipeline\Pipeline->then(Object(Closure))
#29 C:\Dev\gnb_crm_api\vendor\laravel\framework\src\Illuminate\Routing\Router.php(777): Illuminate\Routing\Router->runRouteWithinStack(Object(Illuminate\Routing\Route), Object(Illuminate\Http\Request))
#30 C:\Dev\gnb_crm_api\vendor\laravel\framework\src\Illuminate\Routing\Router.php(741): Illuminate\Routing\Router->runRoute(Object(Illuminate\Http\Request), Object(Illuminate\Routing\Route))
#31 C:\Dev\gnb_crm_api\vendor\laravel\framework\src\Illuminate\Routing\Router.php(730): Illuminate\Routing\Router->dispatchToRoute(Object(Illuminate\Http\Request))
#32 C:\Dev\gnb_crm_api\vendor\laravel\framework\src\Illuminate\Foundation\Http\Kernel.php(200): Illuminate\Routing\Router->dispatch(Object(Illuminate\Http\Request))
#33 C:\Dev\gnb_crm_api\vendor\laravel\framework\src\Illuminate\Pipeline\Pipeline.php(141): Illuminate\Foundation\Http\Kernel->Illuminate\Foundation\Http\{closure}(Object(Illuminate\Http\Request))
#34 C:\Dev\gnb_crm_api\vendor\laravel\framework\src\Illuminate\Foundation\Http\Middleware\TransformsRequest.php(21): Illuminate\Pipeline\Pipeline->Illuminate\Pipeline\{closure}(Object(Illuminate\Http\Request))
#35 C:\Dev\gnb_crm_api\vendor\laravel\framework\src\Illuminate\Foundation\Http\Middleware\ConvertEmptyStringsToNull.php(31): Illuminate\Foundation\Http\Middleware\TransformsRequest->handle(Object(Illuminate\Http\Request), Object(Closure))
#36 C:\Dev\gnb_crm_api\vendor\laravel\framework\src\Illuminate\Pipeline\Pipeline.php(180): Illuminate\Foundation\Http\Middleware\ConvertEmptyStringsToNull->handle(Object(Illuminate\Http\Request), Object(Closure))
#37 C:\Dev\gnb_crm_api\vendor\laravel\framework\src\Illuminate\Foundation\Http\Middleware\TransformsRequest.php(21): Illuminate\Pipeline\Pipeline->Illuminate\Pipeline\{closure}(Object(Illuminate\Http\Request))
#38 C:\Dev\gnb_crm_api\vendor\laravel\framework\src\Illuminate\Foundation\Http\Middleware\TrimStrings.php(40): Illuminate\Foundation\Http\Middleware\TransformsRequest->handle(Object(Illuminate\Http\Request), Object(Closure))
#39 C:\Dev\gnb_crm_api\vendor\laravel\framework\src\Illuminate\Pipeline\Pipeline.php(180): Illuminate\Foundation\Http\Middleware\TrimStrings->handle(Object(Illuminate\Http\Request), Object(Closure))
#40 C:\Dev\gnb_crm_api\vendor\laravel\framework\src\Illuminate\Foundation\Http\Middleware\ValidatePostSize.php(27): Illuminate\Pipeline\Pipeline->Illuminate\Pipeline\{closure}(Object(Illuminate\Http\Request))
#41 C:\Dev\gnb_crm_api\vendor\laravel\framework\src\Illuminate\Pipeline\Pipeline.php(180): Illuminate\Foundation\Http\Middleware\ValidatePostSize->handle(Object(Illuminate\Http\Request), Object(Closure))
#42 C:\Dev\gnb_crm_api\vendor\laravel\framework\src\Illuminate\Foundation\Http\Middleware\PreventRequestsDuringMaintenance.php(86): Illuminate\Pipeline\Pipeline->Illuminate\Pipeline\{closure}(Object(Illuminate\Http\Request))
#43 C:\Dev\gnb_crm_api\vendor\laravel\framework\src\Illuminate\Pipeline\Pipeline.php(180): Illuminate\Foundation\Http\Middleware\PreventRequestsDuringMaintenance->handle(Object(Illuminate\Http\Request), Object(Closure))
#44 C:\Dev\gnb_crm_api\vendor\laravel\framework\src\Illuminate\Http\Middleware\HandleCors.php(62): Illuminate\Pipeline\Pipeline->Illuminate\Pipeline\{closure}(Object(Illuminate\Http\Request))
#45 C:\Dev\gnb_crm_api\vendor\laravel\framework\src\Illuminate\Pipeline\Pipeline.php(180): Illuminate\Http\Middleware\HandleCors->handle(Object(Illuminate\Http\Request), Object(Closure))
#46 C:\Dev\gnb_crm_api\vendor\laravel\framework\src\Illuminate\Http\Middleware\TrustProxies.php(39): Illuminate\Pipeline\Pipeline->Illuminate\Pipeline\{closure}(Object(Illuminate\Http\Request))
#47 C:\Dev\gnb_crm_api\vendor\laravel\framework\src\Illuminate\Pipeline\Pipeline.php(180): Illuminate\Http\Middleware\TrustProxies->handle(Object(Illuminate\Http\Request), Object(Closure))
#48 C:\Dev\gnb_crm_api\vendor\laravel\framework\src\Illuminate\Pipeline\Pipeline.php(116): Illuminate\Pipeline\Pipeline->Illuminate\Pipeline\{closure}(Object(Illuminate\Http\Request))
#49 C:\Dev\gnb_crm_api\vendor\laravel\framework\src\Illuminate\Foundation\Http\Kernel.php(175): Illuminate\Pipeline\Pipeline->then(Object(Closure))
#50 C:\Dev\gnb_crm_api\vendor\laravel\framework\src\Illuminate\Foundation\Http\Kernel.php(144): Illuminate\Foundation\Http\Kernel->sendRequestThroughRouter(Object(Illuminate\Http\Request))
#51 C:\Dev\gnb_crm_api\public\index.php(52): Illuminate\Foundation\Http\Kernel->handle(Object(Illuminate\Http\Request))
#52 C:\Dev\gnb_crm_api\vendor\laravel\framework\src\Illuminate\Foundation\resources\server.php(16): require_once('C:\\Dev\\gnb_crm_...')
#53 {main}
2023-07-22 20:53:29 com\zoho\api\logger\SDKLogger INFO Initialization successful for Email Id : tecnologia@gruponobe.com in Environment : https://www.zohoapis.com.
2023-07-22 20:53:29 com\zoho\api\logger\SDKLogger INFO Access Token has expired. Hence refreshing.
2023-07-22 20:53:30 com\zoho\api\logger\SDKLogger INFO GET - URL = https://www.zohoapis.com/crm/v2.1/settings/fields?module=Leadss , headers = {"Authorization":" ## can't disclose ## ","X-ZOHO-SDK":"Windows NT\/10.0\/php-2.1\/8.1.10:7.1.0"} , PARAMS = {"module":"Leadss"}.
2023-07-22 20:53:30 com\zoho\api\logger\SDKLogger SEVERE Exception :  com\zoho\crm\api\exception\SDKException Caused by : API_EXCEPTION - {"code":"INVALID_MODULE","status":"error","message":"the module name given seems to be invalid"}
C:\Dev\gnb_crm_api\vendor\zohocrm\php-sdk-2.1\src\com\zoho\crm\api\util\Utility.php- 655- 
#0 C:\Dev\gnb_crm_api\vendor\zohocrm\php-sdk-2.1\src\com\zoho\crm\api\util\Utility.php(96): com\zoho\crm\api\util\Utility::getFieldDetails('Leadss')
#1 C:\Dev\gnb_crm_api\vendor\zohocrm\php-sdk-2.1\src\com\zoho\crm\api\util\Utility.php(213): com\zoho\crm\api\util\Utility::fileExistsFlow('Leadss', 'C:\\Dev\\gnb_crm_...', NULL)
#2 C:\Dev\gnb_crm_api\vendor\zohocrm\php-sdk-2.1\src\com\zoho\crm\api\util\Utility.php(170): com\zoho\crm\api\util\Utility::getFieldsInfo('Leadss', Object(com\zoho\crm\api\util\CommonAPIHandler))
#3 C:\Dev\gnb_crm_api\vendor\zohocrm\php-sdk-2.1\src\com\zoho\crm\api\record\RecordOperations.php(117): com\zoho\crm\api\util\Utility::getFields('Leadss', Object(com\zoho\crm\api\util\CommonAPIHandler))
#4 C:\Dev\gnb_crm_api\app\Zoho\Record.php(56): com\zoho\crm\api\record\RecordOperations->getRecords('Leadss', Object(com\zoho\crm\api\ParameterMap), Object(com\zoho\crm\api\HeaderMap))
#5 C:\Dev\gnb_crm_api\app\Http\Controllers\CaseController.php(15): App\Zoho\Record::getRecords()
#6 C:\Dev\gnb_crm_api\vendor\laravel\framework\src\Illuminate\Routing\Controller.php(54): App\Http\Controllers\CaseController->index(Object(Illuminate\Http\Request))
#7 C:\Dev\gnb_crm_api\vendor\laravel\framework\src\Illuminate\Routing\ControllerDispatcher.php(43): Illuminate\Routing\Controller->callAction('index', Array)
#8 C:\Dev\gnb_crm_api\vendor\laravel\framework\src\Illuminate\Routing\Route.php(260): Illuminate\Routing\ControllerDispatcher->dispatch(Object(Illuminate\Routing\Route), Object(App\Http\Controllers\CaseController), 'index')
#9 C:\Dev\gnb_crm_api\vendor\laravel\framework\src\Illuminate\Routing\Route.php(205): Illuminate\Routing\Route->runController()
#10 C:\Dev\gnb_crm_api\vendor\laravel\framework\src\Illuminate\Routing\Router.php(799): Illuminate\Routing\Route->run()
#11 C:\Dev\gnb_crm_api\vendor\laravel\framework\src\Illuminate\Pipeline\Pipeline.php(141): Illuminate\Routing\Router->Illuminate\Routing\{closure}(Object(Illuminate\Http\Request))
#12 C:\Dev\gnb_crm_api\app\Http\Middleware\ZohoUserFilter.php(22): Illuminate\Pipeline\Pipeline->Illuminate\Pipeline\{closure}(Object(Illuminate\Http\Request))
#13 C:\Dev\gnb_crm_api\vendor\laravel\framework\src\Illuminate\Pipeline\Pipeline.php(180): App\Http\Middleware\ZohoUserFilter->handle(Object(Illuminate\Http\Request), Object(Closure))
#14 C:\Dev\gnb_crm_api\vendor\laravel\framework\src\Illuminate\Routing\Middleware\SubstituteBindings.php(50): Illuminate\Pipeline\Pipeline->Illuminate\Pipeline\{closure}(Object(Illuminate\Http\Request))
#15 C:\Dev\gnb_crm_api\vendor\laravel\framework\src\Illuminate\Pipeline\Pipeline.php(180): Illuminate\Routing\Middleware\SubstituteBindings->handle(Object(Illuminate\Http\Request), Object(Closure))
#16 C:\Dev\gnb_crm_api\vendor\laravel\framework\src\Illuminate\Routing\Middleware\ThrottleRequests.php(159): Illuminate\Pipeline\Pipeline->Illuminate\Pipeline\{closure}(Object(Illuminate\Http\Request))
#17 C:\Dev\gnb_crm_api\vendor\laravel\framework\src\Illuminate\Routing\Middleware\ThrottleRequests.php(135): Illuminate\Routing\Middleware\ThrottleRequests->handleRequest(Object(Illuminate\Http\Request), Object(Closure), Array)
#18 C:\Dev\gnb_crm_api\vendor\laravel\framework\src\Illuminate\Routing\Middleware\ThrottleRequests.php(87): Illuminate\Routing\Middleware\ThrottleRequests->handleRequestUsingNamedLimiter(Object(Illuminate\Http\Request), Object(Closure), 'api', Object(Closure))
#19 C:\Dev\gnb_crm_api\vendor\laravel\framework\src\Illuminate\Pipeline\Pipeline.php(180): Illuminate\Routing\Middleware\ThrottleRequests->handle(Object(Illuminate\Http\Request), Object(Closure), 'api')
#20 C:\Dev\gnb_crm_api\vendor\laravel\framework\src\Illuminate\Auth\Middleware\Authenticate.php(57): Illuminate\Pipeline\Pipeline->Illuminate\Pipeline\{closure}(Object(Illuminate\Http\Request))
#21 C:\Dev\gnb_crm_api\vendor\laravel\framework\src\Illuminate\Pipeline\Pipeline.php(180): Illuminate\Auth\Middleware\Authenticate->handle(Object(Illuminate\Http\Request), Object(Closure), 'sanctum')
#22 C:\Dev\gnb_crm_api\vendor\laravel\sanctum\src\Http\Middleware\EnsureFrontendRequestsAreStateful.php(25): Illuminate\Pipeline\Pipeline->Illuminate\Pipeline\{closure}(Object(Illuminate\Http\Request))
#23 C:\Dev\gnb_crm_api\vendor\laravel\framework\src\Illuminate\Pipeline\Pipeline.php(141): Laravel\Sanctum\Http\Middleware\EnsureFrontendRequestsAreStateful->Laravel\Sanctum\Http\Middleware\{closure}(Object(Illuminate\Http\Request))
#24 C:\Dev\gnb_crm_api\vendor\laravel\framework\src\Illuminate\Pipeline\Pipeline.php(116): Illuminate\Pipeline\Pipeline->Illuminate\Pipeline\{closure}(Object(Illuminate\Http\Request))
#25 C:\Dev\gnb_crm_api\vendor\laravel\sanctum\src\Http\Middleware\EnsureFrontendRequestsAreStateful.php(26): Illuminate\Pipeline\Pipeline->then(Object(Closure))
#26 C:\Dev\gnb_crm_api\vendor\laravel\framework\src\Illuminate\Pipeline\Pipeline.php(180): Laravel\Sanctum\Http\Middleware\EnsureFrontendRequestsAreStateful->handle(Object(Illuminate\Http\Request), Object(Closure))
#27 C:\Dev\gnb_crm_api\vendor\laravel\framework\src\Illuminate\Pipeline\Pipeline.php(116): Illuminate\Pipeline\Pipeline->Illuminate\Pipeline\{closure}(Object(Illuminate\Http\Request))
#28 C:\Dev\gnb_crm_api\vendor\laravel\framework\src\Illuminate\Routing\Router.php(800): Illuminate\Pipeline\Pipeline->then(Object(Closure))
#29 C:\Dev\gnb_crm_api\vendor\laravel\framework\src\Illuminate\Routing\Router.php(777): Illuminate\Routing\Router->runRouteWithinStack(Object(Illuminate\Routing\Route), Object(Illuminate\Http\Request))
#30 C:\Dev\gnb_crm_api\vendor\laravel\framework\src\Illuminate\Routing\Router.php(741): Illuminate\Routing\Router->runRoute(Object(Illuminate\Http\Request), Object(Illuminate\Routing\Route))
#31 C:\Dev\gnb_crm_api\vendor\laravel\framework\src\Illuminate\Routing\Router.php(730): Illuminate\Routing\Router->dispatchToRoute(Object(Illuminate\Http\Request))
#32 C:\Dev\gnb_crm_api\vendor\laravel\framework\src\Illuminate\Foundation\Http\Kernel.php(200): Illuminate\Routing\Router->dispatch(Object(Illuminate\Http\Request))
#33 C:\Dev\gnb_crm_api\vendor\laravel\framework\src\Illuminate\Pipeline\Pipeline.php(141): Illuminate\Foundation\Http\Kernel->Illuminate\Foundation\Http\{closure}(Object(Illuminate\Http\Request))
#34 C:\Dev\gnb_crm_api\vendor\laravel\framework\src\Illuminate\Foundation\Http\Middleware\TransformsRequest.php(21): Illuminate\Pipeline\Pipeline->Illuminate\Pipeline\{closure}(Object(Illuminate\Http\Request))
#35 C:\Dev\gnb_crm_api\vendor\laravel\framework\src\Illuminate\Foundation\Http\Middleware\ConvertEmptyStringsToNull.php(31): Illuminate\Foundation\Http\Middleware\TransformsRequest->handle(Object(Illuminate\Http\Request), Object(Closure))
#36 C:\Dev\gnb_crm_api\vendor\laravel\framework\src\Illuminate\Pipeline\Pipeline.php(180): Illuminate\Foundation\Http\Middleware\ConvertEmptyStringsToNull->handle(Object(Illuminate\Http\Request), Object(Closure))
#37 C:\Dev\gnb_crm_api\vendor\laravel\framework\src\Illuminate\Foundation\Http\Middleware\TransformsRequest.php(21): Illuminate\Pipeline\Pipeline->Illuminate\Pipeline\{closure}(Object(Illuminate\Http\Request))
#38 C:\Dev\gnb_crm_api\vendor\laravel\framework\src\Illuminate\Foundation\Http\Middleware\TrimStrings.php(40): Illuminate\Foundation\Http\Middleware\TransformsRequest->handle(Object(Illuminate\Http\Request), Object(Closure))
#39 C:\Dev\gnb_crm_api\vendor\laravel\framework\src\Illuminate\Pipeline\Pipeline.php(180): Illuminate\Foundation\Http\Middleware\TrimStrings->handle(Object(Illuminate\Http\Request), Object(Closure))
#40 C:\Dev\gnb_crm_api\vendor\laravel\framework\src\Illuminate\Foundation\Http\Middleware\ValidatePostSize.php(27): Illuminate\Pipeline\Pipeline->Illuminate\Pipeline\{closure}(Object(Illuminate\Http\Request))
#41 C:\Dev\gnb_crm_api\vendor\laravel\framework\src\Illuminate\Pipeline\Pipeline.php(180): Illuminate\Foundation\Http\Middleware\ValidatePostSize->handle(Object(Illuminate\Http\Request), Object(Closure))
#42 C:\Dev\gnb_crm_api\vendor\laravel\framework\src\Illuminate\Foundation\Http\Middleware\PreventRequestsDuringMaintenance.php(86): Illuminate\Pipeline\Pipeline->Illuminate\Pipeline\{closure}(Object(Illuminate\Http\Request))
#43 C:\Dev\gnb_crm_api\vendor\laravel\framework\src\Illuminate\Pipeline\Pipeline.php(180): Illuminate\Foundation\Http\Middleware\PreventRequestsDuringMaintenance->handle(Object(Illuminate\Http\Request), Object(Closure))
#44 C:\Dev\gnb_crm_api\vendor\laravel\framework\src\Illuminate\Http\Middleware\HandleCors.php(62): Illuminate\Pipeline\Pipeline->Illuminate\Pipeline\{closure}(Object(Illuminate\Http\Request))
#45 C:\Dev\gnb_crm_api\vendor\laravel\framework\src\Illuminate\Pipeline\Pipeline.php(180): Illuminate\Http\Middleware\HandleCors->handle(Object(Illuminate\Http\Request), Object(Closure))
#46 C:\Dev\gnb_crm_api\vendor\laravel\framework\src\Illuminate\Http\Middleware\TrustProxies.php(39): Illuminate\Pipeline\Pipeline->Illuminate\Pipeline\{closure}(Object(Illuminate\Http\Request))
#47 C:\Dev\gnb_crm_api\vendor\laravel\framework\src\Illuminate\Pipeline\Pipeline.php(180): Illuminate\Http\Middleware\TrustProxies->handle(Object(Illuminate\Http\Request), Object(Closure))
#48 C:\Dev\gnb_crm_api\vendor\laravel\framework\src\Illuminate\Pipeline\Pipeline.php(116): Illuminate\Pipeline\Pipeline->Illuminate\Pipeline\{closure}(Object(Illuminate\Http\Request))
#49 C:\Dev\gnb_crm_api\vendor\laravel\framework\src\Illuminate\Foundation\Http\Kernel.php(175): Illuminate\Pipeline\Pipeline->then(Object(Closure))
#50 C:\Dev\gnb_crm_api\vendor\laravel\framework\src\Illuminate\Foundation\Http\Kernel.php(144): Illuminate\Foundation\Http\Kernel->sendRequestThroughRouter(Object(Illuminate\Http\Request))
#51 C:\Dev\gnb_crm_api\public\index.php(52): Illuminate\Foundation\Http\Kernel->handle(Object(Illuminate\Http\Request))
#52 C:\Dev\gnb_crm_api\vendor\laravel\framework\src\Illuminate\Foundation\resources\server.php(16): require_once('C:\\Dev\\gnb_crm_...')
#53 {main}
2023-07-22 20:53:41 com\zoho\api\logger\SDKLogger INFO Initialization successful for Email Id : tecnologia@gruponobe.com in Environment : https://www.zohoapis.com.
2023-07-22 20:53:41 com\zoho\api\logger\SDKLogger INFO GET - URL = https://www.zohoapis.com/crm/v2.1/Leads , headers = {"Authorization":" ## can't disclose ## ","X-ZOHO-SDK":"Windows NT\/10.0\/php-2.1\/8.1.10:7.1.0"} , PARAMS = [].
2023-07-22 20:57:58 com\zoho\api\logger\SDKLogger INFO Initialization successful for Email Id : tecnologia@gruponobe.com in Environment : https://www.zohoapis.com.
2023-07-22 20:58:08 com\zoho\api\logger\SDKLogger INFO GET - URL = https://www.zohoapis.com/crm/v2.1/Leads , headers = {"Authorization":" ## can't disclose ## ","X-ZOHO-SDK":"Windows NT\/10.0\/php-2.1\/8.1.10:7.1.0"} , PARAMS = [].
2023-07-22 20:59:17 com\zoho\api\logger\SDKLogger INFO Initialization successful for Email Id : tecnologia@gruponobe.com in Environment : https://www.zohoapis.com.
2023-07-22 20:59:17 com\zoho\api\logger\SDKLogger INFO GET - URL = https://www.zohoapis.com/crm/v2.1/Leads , headers = {"Authorization":" ## can't disclose ## ","X-ZOHO-SDK":"Windows NT\/10.0\/php-2.1\/8.1.10:7.1.0"} , PARAMS = [].
2023-07-22 21:01:36 com\zoho\api\logger\SDKLogger INFO Initialization successful for Email Id : tecnologia@gruponobe.com in Environment : https://www.zohoapis.com.
2023-07-22 21:01:36 com\zoho\api\logger\SDKLogger INFO GET - URL = https://www.zohoapis.com/crm/v2.1/settings/fields?module=Leadss , headers = {"Authorization":" ## can't disclose ## ","X-ZOHO-SDK":"Windows NT\/10.0\/php-2.1\/8.1.10:7.1.0"} , PARAMS = {"module":"Leadss"}.
2023-07-22 21:01:36 com\zoho\api\logger\SDKLogger SEVERE Exception :  com\zoho\crm\api\exception\SDKException Caused by : API_EXCEPTION - {"code":"INVALID_MODULE","status":"error","message":"the module name given seems to be invalid"}
C:\Dev\gnb_crm_api\vendor\zohocrm\php-sdk-2.1\src\com\zoho\crm\api\util\Utility.php- 655- 
#0 C:\Dev\gnb_crm_api\vendor\zohocrm\php-sdk-2.1\src\com\zoho\crm\api\util\Utility.php(96): com\zoho\crm\api\util\Utility::getFieldDetails('Leadss')
#1 C:\Dev\gnb_crm_api\vendor\zohocrm\php-sdk-2.1\src\com\zoho\crm\api\util\Utility.php(213): com\zoho\crm\api\util\Utility::fileExistsFlow('Leadss', 'C:\\Dev\\gnb_crm_...', NULL)
#2 C:\Dev\gnb_crm_api\vendor\zohocrm\php-sdk-2.1\src\com\zoho\crm\api\util\Utility.php(170): com\zoho\crm\api\util\Utility::getFieldsInfo('Leadss', Object(com\zoho\crm\api\util\CommonAPIHandler))
#3 C:\Dev\gnb_crm_api\vendor\zohocrm\php-sdk-2.1\src\com\zoho\crm\api\record\RecordOperations.php(117): com\zoho\crm\api\util\Utility::getFields('Leadss', Object(com\zoho\crm\api\util\CommonAPIHandler))
#4 C:\Dev\gnb_crm_api\app\Zoho\Record.php(56): com\zoho\crm\api\record\RecordOperations->getRecords('Leadss', Object(com\zoho\crm\api\ParameterMap), Object(com\zoho\crm\api\HeaderMap))
#5 C:\Dev\gnb_crm_api\app\Http\Controllers\CaseController.php(15): App\Zoho\Record::getRecords()
#6 C:\Dev\gnb_crm_api\vendor\laravel\framework\src\Illuminate\Routing\Controller.php(54): App\Http\Controllers\CaseController->index(Object(Illuminate\Http\Request))
#7 C:\Dev\gnb_crm_api\vendor\laravel\framework\src\Illuminate\Routing\ControllerDispatcher.php(43): Illuminate\Routing\Controller->callAction('index', Array)
#8 C:\Dev\gnb_crm_api\vendor\laravel\framework\src\Illuminate\Routing\Route.php(260): Illuminate\Routing\ControllerDispatcher->dispatch(Object(Illuminate\Routing\Route), Object(App\Http\Controllers\CaseController), 'index')
#9 C:\Dev\gnb_crm_api\vendor\laravel\framework\src\Illuminate\Routing\Route.php(205): Illuminate\Routing\Route->runController()
#10 C:\Dev\gnb_crm_api\vendor\laravel\framework\src\Illuminate\Routing\Router.php(799): Illuminate\Routing\Route->run()
#11 C:\Dev\gnb_crm_api\vendor\laravel\framework\src\Illuminate\Pipeline\Pipeline.php(141): Illuminate\Routing\Router->Illuminate\Routing\{closure}(Object(Illuminate\Http\Request))
#12 C:\Dev\gnb_crm_api\app\Http\Middleware\ZohoUserFilter.php(22): Illuminate\Pipeline\Pipeline->Illuminate\Pipeline\{closure}(Object(Illuminate\Http\Request))
#13 C:\Dev\gnb_crm_api\vendor\laravel\framework\src\Illuminate\Pipeline\Pipeline.php(180): App\Http\Middleware\ZohoUserFilter->handle(Object(Illuminate\Http\Request), Object(Closure))
#14 C:\Dev\gnb_crm_api\vendor\laravel\framework\src\Illuminate\Routing\Middleware\SubstituteBindings.php(50): Illuminate\Pipeline\Pipeline->Illuminate\Pipeline\{closure}(Object(Illuminate\Http\Request))
#15 C:\Dev\gnb_crm_api\vendor\laravel\framework\src\Illuminate\Pipeline\Pipeline.php(180): Illuminate\Routing\Middleware\SubstituteBindings->handle(Object(Illuminate\Http\Request), Object(Closure))
#16 C:\Dev\gnb_crm_api\vendor\laravel\framework\src\Illuminate\Routing\Middleware\ThrottleRequests.php(159): Illuminate\Pipeline\Pipeline->Illuminate\Pipeline\{closure}(Object(Illuminate\Http\Request))
#17 C:\Dev\gnb_crm_api\vendor\laravel\framework\src\Illuminate\Routing\Middleware\ThrottleRequests.php(135): Illuminate\Routing\Middleware\ThrottleRequests->handleRequest(Object(Illuminate\Http\Request), Object(Closure), Array)
#18 C:\Dev\gnb_crm_api\vendor\laravel\framework\src\Illuminate\Routing\Middleware\ThrottleRequests.php(87): Illuminate\Routing\Middleware\ThrottleRequests->handleRequestUsingNamedLimiter(Object(Illuminate\Http\Request), Object(Closure), 'api', Object(Closure))
#19 C:\Dev\gnb_crm_api\vendor\laravel\framework\src\Illuminate\Pipeline\Pipeline.php(180): Illuminate\Routing\Middleware\ThrottleRequests->handle(Object(Illuminate\Http\Request), Object(Closure), 'api')
#20 C:\Dev\gnb_crm_api\vendor\laravel\framework\src\Illuminate\Auth\Middleware\Authenticate.php(57): Illuminate\Pipeline\Pipeline->Illuminate\Pipeline\{closure}(Object(Illuminate\Http\Request))
#21 C:\Dev\gnb_crm_api\vendor\laravel\framework\src\Illuminate\Pipeline\Pipeline.php(180): Illuminate\Auth\Middleware\Authenticate->handle(Object(Illuminate\Http\Request), Object(Closure), 'sanctum')
#22 C:\Dev\gnb_crm_api\vendor\laravel\sanctum\src\Http\Middleware\EnsureFrontendRequestsAreStateful.php(25): Illuminate\Pipeline\Pipeline->Illuminate\Pipeline\{closure}(Object(Illuminate\Http\Request))
#23 C:\Dev\gnb_crm_api\vendor\laravel\framework\src\Illuminate\Pipeline\Pipeline.php(141): Laravel\Sanctum\Http\Middleware\EnsureFrontendRequestsAreStateful->Laravel\Sanctum\Http\Middleware\{closure}(Object(Illuminate\Http\Request))
#24 C:\Dev\gnb_crm_api\vendor\laravel\framework\src\Illuminate\Pipeline\Pipeline.php(116): Illuminate\Pipeline\Pipeline->Illuminate\Pipeline\{closure}(Object(Illuminate\Http\Request))
#25 C:\Dev\gnb_crm_api\vendor\laravel\sanctum\src\Http\Middleware\EnsureFrontendRequestsAreStateful.php(26): Illuminate\Pipeline\Pipeline->then(Object(Closure))
#26 C:\Dev\gnb_crm_api\vendor\laravel\framework\src\Illuminate\Pipeline\Pipeline.php(180): Laravel\Sanctum\Http\Middleware\EnsureFrontendRequestsAreStateful->handle(Object(Illuminate\Http\Request), Object(Closure))
#27 C:\Dev\gnb_crm_api\vendor\laravel\framework\src\Illuminate\Pipeline\Pipeline.php(116): Illuminate\Pipeline\Pipeline->Illuminate\Pipeline\{closure}(Object(Illuminate\Http\Request))
#28 C:\Dev\gnb_crm_api\vendor\laravel\framework\src\Illuminate\Routing\Router.php(800): Illuminate\Pipeline\Pipeline->then(Object(Closure))
#29 C:\Dev\gnb_crm_api\vendor\laravel\framework\src\Illuminate\Routing\Router.php(777): Illuminate\Routing\Router->runRouteWithinStack(Object(Illuminate\Routing\Route), Object(Illuminate\Http\Request))
#30 C:\Dev\gnb_crm_api\vendor\laravel\framework\src\Illuminate\Routing\Router.php(741): Illuminate\Routing\Router->runRoute(Object(Illuminate\Http\Request), Object(Illuminate\Routing\Route))
#31 C:\Dev\gnb_crm_api\vendor\laravel\framework\src\Illuminate\Routing\Router.php(730): Illuminate\Routing\Router->dispatchToRoute(Object(Illuminate\Http\Request))
#32 C:\Dev\gnb_crm_api\vendor\laravel\framework\src\Illuminate\Foundation\Http\Kernel.php(200): Illuminate\Routing\Router->dispatch(Object(Illuminate\Http\Request))
#33 C:\Dev\gnb_crm_api\vendor\laravel\framework\src\Illuminate\Pipeline\Pipeline.php(141): Illuminate\Foundation\Http\Kernel->Illuminate\Foundation\Http\{closure}(Object(Illuminate\Http\Request))
#34 C:\Dev\gnb_crm_api\vendor\laravel\framework\src\Illuminate\Foundation\Http\Middleware\TransformsRequest.php(21): Illuminate\Pipeline\Pipeline->Illuminate\Pipeline\{closure}(Object(Illuminate\Http\Request))
#35 C:\Dev\gnb_crm_api\vendor\laravel\framework\src\Illuminate\Foundation\Http\Middleware\ConvertEmptyStringsToNull.php(31): Illuminate\Foundation\Http\Middleware\TransformsRequest->handle(Object(Illuminate\Http\Request), Object(Closure))
#36 C:\Dev\gnb_crm_api\vendor\laravel\framework\src\Illuminate\Pipeline\Pipeline.php(180): Illuminate\Foundation\Http\Middleware\ConvertEmptyStringsToNull->handle(Object(Illuminate\Http\Request), Object(Closure))
#37 C:\Dev\gnb_crm_api\vendor\laravel\framework\src\Illuminate\Foundation\Http\Middleware\TransformsRequest.php(21): Illuminate\Pipeline\Pipeline->Illuminate\Pipeline\{closure}(Object(Illuminate\Http\Request))
#38 C:\Dev\gnb_crm_api\vendor\laravel\framework\src\Illuminate\Foundation\Http\Middleware\TrimStrings.php(40): Illuminate\Foundation\Http\Middleware\TransformsRequest->handle(Object(Illuminate\Http\Request), Object(Closure))
#39 C:\Dev\gnb_crm_api\vendor\laravel\framework\src\Illuminate\Pipeline\Pipeline.php(180): Illuminate\Foundation\Http\Middleware\TrimStrings->handle(Object(Illuminate\Http\Request), Object(Closure))
#40 C:\Dev\gnb_crm_api\vendor\laravel\framework\src\Illuminate\Foundation\Http\Middleware\ValidatePostSize.php(27): Illuminate\Pipeline\Pipeline->Illuminate\Pipeline\{closure}(Object(Illuminate\Http\Request))
#41 C:\Dev\gnb_crm_api\vendor\laravel\framework\src\Illuminate\Pipeline\Pipeline.php(180): Illuminate\Foundation\Http\Middleware\ValidatePostSize->handle(Object(Illuminate\Http\Request), Object(Closure))
#42 C:\Dev\gnb_crm_api\vendor\laravel\framework\src\Illuminate\Foundation\Http\Middleware\PreventRequestsDuringMaintenance.php(86): Illuminate\Pipeline\Pipeline->Illuminate\Pipeline\{closure}(Object(Illuminate\Http\Request))
#43 C:\Dev\gnb_crm_api\vendor\laravel\framework\src\Illuminate\Pipeline\Pipeline.php(180): Illuminate\Foundation\Http\Middleware\PreventRequestsDuringMaintenance->handle(Object(Illuminate\Http\Request), Object(Closure))
#44 C:\Dev\gnb_crm_api\vendor\laravel\framework\src\Illuminate\Http\Middleware\HandleCors.php(62): Illuminate\Pipeline\Pipeline->Illuminate\Pipeline\{closure}(Object(Illuminate\Http\Request))
#45 C:\Dev\gnb_crm_api\vendor\laravel\framework\src\Illuminate\Pipeline\Pipeline.php(180): Illuminate\Http\Middleware\HandleCors->handle(Object(Illuminate\Http\Request), Object(Closure))
#46 C:\Dev\gnb_crm_api\vendor\laravel\framework\src\Illuminate\Http\Middleware\TrustProxies.php(39): Illuminate\Pipeline\Pipeline->Illuminate\Pipeline\{closure}(Object(Illuminate\Http\Request))
#47 C:\Dev\gnb_crm_api\vendor\laravel\framework\src\Illuminate\Pipeline\Pipeline.php(180): Illuminate\Http\Middleware\TrustProxies->handle(Object(Illuminate\Http\Request), Object(Closure))
#48 C:\Dev\gnb_crm_api\vendor\laravel\framework\src\Illuminate\Pipeline\Pipeline.php(116): Illuminate\Pipeline\Pipeline->Illuminate\Pipeline\{closure}(Object(Illuminate\Http\Request))
#49 C:\Dev\gnb_crm_api\vendor\laravel\framework\src\Illuminate\Foundation\Http\Kernel.php(175): Illuminate\Pipeline\Pipeline->then(Object(Closure))
#50 C:\Dev\gnb_crm_api\vendor\laravel\framework\src\Illuminate\Foundation\Http\Kernel.php(144): Illuminate\Foundation\Http\Kernel->sendRequestThroughRouter(Object(Illuminate\Http\Request))
#51 C:\Dev\gnb_crm_api\public\index.php(52): Illuminate\Foundation\Http\Kernel->handle(Object(Illuminate\Http\Request))
#52 C:\Dev\gnb_crm_api\vendor\laravel\framework\src\Illuminate\Foundation\resources\server.php(16): require_once('C:\\Dev\\gnb_crm_...')
#53 {main}
2023-07-22 21:02:02 com\zoho\api\logger\SDKLogger INFO Initialization successful for Email Id : tecnologia@gruponobe.com in Environment : https://www.zohoapis.com.
2023-07-22 21:02:02 com\zoho\api\logger\SDKLogger INFO GET - URL = https://www.zohoapis.com/crm/v2.1/settings/fields?module=Leadss , headers = {"Authorization":" ## can't disclose ## ","X-ZOHO-SDK":"Windows NT\/10.0\/php-2.1\/8.1.10:7.1.0"} , PARAMS = {"module":"Leadss"}.
2023-07-22 21:02:20 com\zoho\api\logger\SDKLogger INFO Initialization successful for Email Id : tecnologia@gruponobe.com in Environment : https://www.zohoapis.com.
2023-07-22 21:02:20 com\zoho\api\logger\SDKLogger INFO GET - URL = https://www.zohoapis.com/crm/v2.1/Leadss , headers = {"Authorization":" ## can't disclose ## ","X-ZOHO-SDK":"Windows NT\/10.0\/php-2.1\/8.1.10:7.1.0"} , PARAMS = [].
2023-07-22 21:02:55 com\zoho\api\logger\SDKLogger INFO Initialization successful for Email Id : tecnologia@gruponobe.com in Environment : https://www.zohoapis.com.
2023-07-22 21:02:55 com\zoho\api\logger\SDKLogger INFO GET - URL = https://www.zohoapis.com/crm/v2.1/Leads , headers = {"Authorization":" ## can't disclose ## ","X-ZOHO-SDK":"Windows NT\/10.0\/php-2.1\/8.1.10:7.1.0"} , PARAMS = [].
2023-07-22 21:03:49 com\zoho\api\logger\SDKLogger INFO Initialization successful for Email Id : tecnologia@gruponobe.com in Environment : https://www.zohoapis.com.
2023-07-22 21:03:49 com\zoho\api\logger\SDKLogger INFO GET - URL = https://www.zohoapis.com/crm/v2.1/Leads , headers = {"Authorization":" ## can't disclose ## ","X-ZOHO-SDK":"Windows NT\/10.0\/php-2.1\/8.1.10:7.1.0"} , PARAMS = [].
2023-07-22 21:07:59 com\zoho\api\logger\SDKLogger INFO Initialization successful for Email Id : tecnologia@gruponobe.com in Environment : https://www.zohoapis.com.
2023-07-22 21:07:59 com\zoho\api\logger\SDKLogger INFO GET - URL = https://www.zohoapis.com/crm/v2.1/Leadss , headers = {"Authorization":" ## can't disclose ## ","X-ZOHO-SDK":"Windows NT\/10.0\/php-2.1\/8.1.10:7.1.0"} , PARAMS = [].
2023-07-22 21:10:06 com\zoho\api\logger\SDKLogger INFO Initialization successful for Email Id : tecnologia@gruponobe.com in Environment : https://www.zohoapis.com.
2023-07-22 21:10:06 com\zoho\api\logger\SDKLogger INFO GET - URL = https://www.zohoapis.com/crm/v2.1/Leadss , headers = {"Authorization":" ## can't disclose ## ","X-ZOHO-SDK":"Windows NT\/10.0\/php-2.1\/8.1.10:7.1.0"} , PARAMS = [].
2023-07-22 21:11:08 com\zoho\api\logger\SDKLogger INFO Initialization successful for Email Id : tecnologia@gruponobe.com in Environment : https://www.zohoapis.com.
2023-07-22 21:11:08 com\zoho\api\logger\SDKLogger INFO GET - URL = https://www.zohoapis.com/crm/v2.1/Leadss , headers = {"Authorization":" ## can't disclose ## ","X-ZOHO-SDK":"Windows NT\/10.0\/php-2.1\/8.1.10:7.1.0"} , PARAMS = [].
2023-07-22 21:11:53 com\zoho\api\logger\SDKLogger INFO Initialization successful for Email Id : tecnologia@gruponobe.com in Environment : https://www.zohoapis.com.
2023-07-22 21:11:53 com\zoho\api\logger\SDKLogger INFO GET - URL = https://www.zohoapis.com/crm/v2.1/Leads , headers = {"Authorization":" ## can't disclose ## ","X-ZOHO-SDK":"Windows NT\/10.0\/php-2.1\/8.1.10:7.1.0"} , PARAMS = [].
2023-07-22 21:12:06 com\zoho\api\logger\SDKLogger INFO Initialization successful for Email Id : tecnologia@gruponobe.com in Environment : https://www.zohoapis.com.
2023-07-22 21:12:06 com\zoho\api\logger\SDKLogger INFO GET - URL = https://www.zohoapis.com/crm/v2.1/Leads , headers = {"Authorization":" ## can't disclose ## ","X-ZOHO-SDK":"Windows NT\/10.0\/php-2.1\/8.1.10:7.1.0"} , PARAMS = [].
2023-07-22 21:12:24 com\zoho\api\logger\SDKLogger INFO Initialization successful for Email Id : tecnologia@gruponobe.com in Environment : https://www.zohoapis.com.
2023-07-22 21:12:24 com\zoho\api\logger\SDKLogger INFO GET - URL = https://www.zohoapis.com/crm/v2.1/Leads , headers = {"Authorization":" ## can't disclose ## ","X-ZOHO-SDK":"Windows NT\/10.0\/php-2.1\/8.1.10:7.1.0"} , PARAMS = [].
2023-07-22 21:18:14 com\zoho\api\logger\SDKLogger INFO Initialization successful for Email Id : tecnologia@gruponobe.com in Environment : https://www.zohoapis.com.
2023-07-22 21:18:14 com\zoho\api\logger\SDKLogger INFO GET - URL = https://www.zohoapis.com/crm/v2.1/Leads , headers = {"Authorization":" ## can't disclose ## ","X-ZOHO-SDK":"Windows NT\/10.0\/php-2.1\/8.1.10:7.1.0"} , PARAMS = [].
2023-07-22 21:25:43 com\zoho\api\logger\SDKLogger INFO Initialization successful for Email Id : tecnologia@gruponobe.com in Environment : https://www.zohoapis.com.
2023-07-22 21:25:43 com\zoho\api\logger\SDKLogger INFO GET - URL = https://www.zohoapis.com/crm/v2.1/Leads , headers = {"Authorization":" ## can't disclose ## ","X-ZOHO-SDK":"Windows NT\/10.0\/php-2.1\/8.1.10:7.1.0"} , PARAMS = [].
2023-07-22 21:26:09 com\zoho\api\logger\SDKLogger INFO Initialization successful for Email Id : tecnologia@gruponobe.com in Environment : https://www.zohoapis.com.
2023-07-22 21:26:09 com\zoho\api\logger\SDKLogger INFO GET - URL = https://www.zohoapis.com/crm/v2.1/Leads , headers = {"Authorization":" ## can't disclose ## ","X-ZOHO-SDK":"Windows NT\/10.0\/php-2.1\/8.1.10:7.1.0"} , PARAMS = [].
2023-07-22 21:27:23 com\zoho\api\logger\SDKLogger INFO Initialization successful for Email Id : tecnologia@gruponobe.com in Environment : https://www.zohoapis.com.
2023-07-22 21:27:23 com\zoho\api\logger\SDKLogger INFO GET - URL = https://www.zohoapis.com/crm/v2.1/Leads , headers = {"Authorization":" ## can't disclose ## ","X-ZOHO-SDK":"Windows NT\/10.0\/php-2.1\/8.1.10:7.1.0"} , PARAMS = [].
2023-07-22 21:27:41 com\zoho\api\logger\SDKLogger INFO Initialization successful for Email Id : tecnologia@gruponobe.com in Environment : https://www.zohoapis.com.
2023-07-22 21:27:41 com\zoho\api\logger\SDKLogger INFO GET - URL = https://www.zohoapis.com/crm/v2.1/Leads , headers = {"Authorization":" ## can't disclose ## ","X-ZOHO-SDK":"Windows NT\/10.0\/php-2.1\/8.1.10:7.1.0"} , PARAMS = [].
2023-07-22 21:28:51 com\zoho\api\logger\SDKLogger INFO Initialization successful for Email Id : tecnologia@gruponobe.com in Environment : https://www.zohoapis.com.
2023-07-22 21:28:51 com\zoho\api\logger\SDKLogger INFO GET - URL = https://www.zohoapis.com/crm/v2.1/Leads , headers = {"Authorization":" ## can't disclose ## ","X-ZOHO-SDK":"Windows NT\/10.0\/php-2.1\/8.1.10:7.1.0"} , PARAMS = [].
2023-07-22 21:29:38 com\zoho\api\logger\SDKLogger INFO Initialization successful for Email Id : tecnologia@gruponobe.com in Environment : https://www.zohoapis.com.
2023-07-22 21:29:38 com\zoho\api\logger\SDKLogger INFO GET - URL = https://www.zohoapis.com/crm/v2.1/Leads , headers = {"Authorization":" ## can't disclose ## ","X-ZOHO-SDK":"Windows NT\/10.0\/php-2.1\/8.1.10:7.1.0"} , PARAMS = [].
2023-07-22 21:33:27 com\zoho\api\logger\SDKLogger INFO Initialization successful for Email Id : tecnologia@gruponobe.com in Environment : https://www.zohoapis.com.
2023-07-22 21:33:27 com\zoho\api\logger\SDKLogger INFO GET - URL = https://www.zohoapis.com/crm/v2.1/Leads , headers = {"Authorization":" ## can't disclose ## ","X-ZOHO-SDK":"Windows NT\/10.0\/php-2.1\/8.1.10:7.1.0"} , PARAMS = [].
2023-07-22 21:43:43 com\zoho\api\logger\SDKLogger INFO Initialization successful for Email Id : tecnologia@gruponobe.com in Environment : https://www.zohoapis.com.
2023-07-22 21:43:43 com\zoho\api\logger\SDKLogger INFO GET - URL = https://www.zohoapis.com/crm/v2.1/Leads , headers = {"Authorization":" ## can't disclose ## ","X-ZOHO-SDK":"Windows NT\/10.0\/php-2.1\/8.1.10:7.1.0"} , PARAMS = [].
2023-07-23 02:17:12 com\zoho\api\logger\SDKLogger INFO Initialization successful for Email Id : tecnologia@gruponobe.com in Environment : https://www.zohoapis.com.
2023-07-23 02:17:12 com\zoho\api\logger\SDKLogger INFO Access Token has expired. Hence refreshing.
2023-07-23 02:17:13 com\zoho\api\logger\SDKLogger INFO GET - URL = https://www.zohoapis.com/crm/v2.1/Leads , headers = {"Authorization":" ## can't disclose ## ","X-ZOHO-SDK":"Windows NT\/10.0\/php-2.1\/8.1.10:7.1.0"} , PARAMS = [].
2023-07-23 14:02:10 com\zoho\api\logger\SDKLogger INFO Initialization successful for Email Id : tecnologia@gruponobe.com in Environment : https://www.zohoapis.com.
2023-07-23 14:02:10 com\zoho\api\logger\SDKLogger INFO Access Token has expired. Hence refreshing.
2023-07-23 14:02:11 com\zoho\api\logger\SDKLogger INFO GET - URL = https://www.zohoapis.com/crm/v2.1/Leads , headers = {"Authorization":" ## can't disclose ## ","X-ZOHO-SDK":"Windows NT\/10.0\/php-2.1\/8.1.10:7.1.0"} , PARAMS = [].
